

              __  __    ____    _         ____     _____   
      /\     |  \/  |  / __ \  | |       / __ \   / ____|  
     /  \    | \  / | | |  | | | |      | |  | | | |       
    / /\ \   | |\/| | | |  | | | |      | |  | | | |       
   / ____ \  | |  | | | |__| | | |____  | |__| | | |____   
  /_/    \_\ |_|  |_|  \____/  |______|  \___\_\  \_____|  


 Atoms and Molecules with Quantum Monte Carlo -- electron structure code

 initial version:
  Arne Luechow, Penn State University, 2/1996

 main author:
  Arne Luechow, RWTH Aachen University, 52056 Aachen, Germany

 with contributions from:
  Sebastian Manten, Christian Diedrich, Annika Bande, Tony Scott,
  Annett Schwarz, Rene Petz, Raphael Berner, Alexander Sturm,
  Christopher Pezley, Lennart Scharf, Marko Hermsen, Kaveh Haghighi Mood,
  Christoph Schulte, Sebastian Klahm, Michael Andree Heuer, Leonard Reuter,
  Jil Ludovicy


 version:          version-6.7-dev-1079-g829bab
 compiler version: Intel(R) Fortran Intel(R) 64 Compiler for applications running on Intel(R) 64, Version 18.0.3.222 Build 20180410
 compiler options: -fpp -warn none -O3
 mpi version:      Intel(R) MPI Library 2017 Update 4 for Linux* OS



 run started on tcrocks.pc.rwth-aachen.de at 2020-04-23T15:29:55.320+02:00 on    4 processor(s)
 using path: /home/reuter/Amolqc
 
==============================> reading input <=================================
 
$gen(seed=101)
$wf(read,file='Acetone-em.wf')
$sample(create,start=density,generate=random,size=10)
$sample(remove_outliers)
$qmc(vmc,accept_ratio=0.5,steps=30,block_len=10,persist=9,discard_all)
$sample(change_size,new_size=1)
$qmc(vmc,accept_ratio=0.5,steps=500,block_len=100,discard_all)
$init_max_analysis(max_mode=pos,kmax=14,tol_sim=0.2,tol_same=0.01,
    excl_file=excl_list,ref_file=Acetone-max.ref)
$init_max_search(max_distance=0.05, latency=50)
$qmc(vmc,steps=22k,block_len=300,discard=300,step_stride=15)
 
==========> $gen - initializing RNG and setting general parameters <============
 
 seed =    101     verbose level = 2
 
===========================> $wf - wave function <==============================
 
 wave function settings:
    with BLAS/LAPACK      
    cusp-corrected splines for contracted GTOs

 using sequential AO and MO mode 
 
 using the standard determinant update algorithm
 
 wave function Acetone-em.wf with: 
           title =Acetone
           basis =     cc-pVTZ       MO format =         gau         jastrow =   sm3      
          charge =     0                  spin =     1                 coord =  angstrom  
  atomic_charges =      F      same_atoms =      F    no_H_jastrow =      F
 
  geometry (in angstrom):
O    0.00000   0.00000   1.39437
C    0.00000   1.28808  -0.61137
C    0.00000   0.00000   0.18442
C    0.00000  -1.28808  -0.61137
H    0.87499   1.32888  -1.26369
H    0.00285   2.14249   0.06001
H   -0.87852   1.33130  -1.25882
H   -0.00285  -2.14249   0.06001
H    0.87852  -1.33130  -1.25882
H   -0.87499  -1.32888  -1.26369
 
  splining GTOs with         4000  points
  correcting cusp of the following basis functions:
    1    2   11   12   41 

 basis set:
 basis name: cc-pVTZ.abs
 different basis functions  =   76
 individual basis functions =  230

 spline_points =  4000
 basis read ...


 calculation with   32 electrons
  16 alpha and   16 beta

 Jastrow factor of type sm3 read with:
   19 generic Schmidt-Moskowitz terms of type sm3
  Jastrow factor read ...
 
 AO/MO evaluation carried out using aocalc and mocalc.
 
  MOs read ...
 
    NCSFs =        1 Ndets =        1
    1 unique alpha and    1 unique beta determinants
                          are going to be calculated.
 
  CSFs read ...
 
============> $sample - creating or modifying the walker sample <===============
 
 creating new sample

 created initial random sample using atom densities
 sample size (all nodes):           40
 <E>_allnodes =    -190.2023 +/-       0.3305 V_allnodes =       4.2603
 

 wall clock time for   sample :               0.00 s
 cpu time (master) for sample :               0.00 s


 
============> $sample - creating or modifying the walker sample <===============
 
 removing outliers

  using trimmed mean (parallel version)
  parallel merge required:   2.1999702E-05  sec.
  trimmed mean =     -190.139  sigma =        0.929
      1 walkers will be deleted and replaced
      0 processes attempted to exceed the limit of       1 deletions

  after outlier removal:
  final total walker size=      40 E_mean=     -190.00313 +/-    0.24738 var=           2.39

 wall clock time for   sample :               0.00 s
 cpu time (master) for sample :               0.00 s


 
=====================> $qmc - running a qmc calculation <=======================
 

   * * *  VMC calculation  * * *

    QMC parameters:

                 tau =     0.01733             adapt tau =           T
        total walker =          40          local walker =          10
               steps =          30               discard =          30
           block_len =          10          walker_block =           1
         step_stride =          10
 target accept ratio =     0.50000
               E_ref =     0.00000                  wfac =     1.00000
        E_loc_cutoff =           F                factor =     1.00000
        kill_persist =           T           max_persist =           9
        load balance =           F                branch =           F
      future walking =           F       pop ctrl = global
              Reconf =           F             RcfMethod =           1
          accumulate =           F
 
    propagator parameters:

              weight =        none                  move =     Umrigar
            moveType =         all
                 tau =     0.01733            drift_scal =     1.00000
             AR step =           T             rej_cross =           F
     expon. sampling =           T
 

             step       size              <E>                   <V>     AR 
 --------------------------------------------------------------------------
             10        40      -193.43418 +/-   0.12683     6.419   0.610
             20        40      -193.55138 +/-   0.15805     9.967   0.500
             30        40      -193.21506 +/-   0.20171    16.235   0.500

 qmc: Emean =      -193.21506 var =        16.23452

 wall clock time for   qmc :               0.07 s
 cpu time (master) for qmc :               0.07 s


 
============> $sample - creating or modifying the walker sample <===============
 
 changing size of sample
 sample size has been reduced by       9 to       1 walkers per node
 

 wall clock time for   sample :               0.00 s
 cpu time (master) for sample :               0.00 s


 
=====================> $qmc - running a qmc calculation <=======================
 

   * * *  VMC calculation  * * *

    QMC parameters:

                 tau =     0.02261             adapt tau =           T
        total walker =           4          local walker =           1
               steps =         500               discard =         500
           block_len =         100          walker_block =           1
         step_stride =          10
 target accept ratio =     0.50000
               E_ref =     0.00000                  wfac =     1.00000
        E_loc_cutoff =           F                factor =     1.00000
        kill_persist =           F           max_persist =           0
        load balance =           F                branch =           F
      future walking =           F       pop ctrl = global
              Reconf =           F             RcfMethod =           1
          accumulate =           F
 
    propagator parameters:

              weight =        none                  move =     Umrigar
            moveType =         all
                 tau =     0.02261            drift_scal =     1.00000
             AR step =           T             rej_cross =           F
     expon. sampling =           T
 

             step       size              <E>                   <V>     AR 
 --------------------------------------------------------------------------
            100         4      -193.01258 +/-   0.14802     8.742   0.570
            200         4      -193.39601 +/-   0.14464     8.348   0.530
            300         4      -192.60641 +/-   0.15056     9.044   0.410
            400         4      -192.46372 +/-   0.13198     6.950   0.440
            500         4      -192.83040 +/-   0.16332    10.643   0.390

 qmc: Emean =      -192.83040 var =        10.64260

 wall clock time for   qmc :               0.11 s
 cpu time (master) for qmc :               0.11 s


 
============> $init_max_analysis - initializing maximum analysis <==============
 
    maximum analysis parameters:

   maximum list mode =   pos
   same max func tol =    0.10E-02
                nmax =    14                         mmax=     5
         tol_sim (A) =      0.2000          tol_same (A) =      0.0100
            tol_fctn =      0.0010        tol_simmax (A) =      0.2000
 
  Exclusion File excl_list read. Exclusion Mode: 0

 
==============> $init_max_search - initializing maxima search <=================
 
 -- BFGS minimizer with singularity correction
 minimizer parameters:
 max_iterations      =    1000
 verbose             =  0
 convergence_gradient=  0.10000E-03

 singularity correction parameters:
 sing_thresh         =  0.50000E-02
 corr_thresh         =  0.10000    
 corr_mode           = 12
 scaling             =  T

 -- simple line search with step correction
 with:
 alpha               =    1.00    
 c                   =   0.100    
 rho                 =   0.330    
 max_distance        =   0.500E-01

 BFGS parameters:
 scale_initial_H     =    F
 step                = 0.10000    
 latency             =          50
 
=====================> $qmc - running a qmc calculation <=======================
 

   * * *  VMC calculation  * * *

    QMC parameters:

                 tau =     0.02918             adapt tau =           T
        total walker =           4          local walker =           1
               steps =       22000               discard =         300
           block_len =         300          walker_block =           1
         step_stride =          15
 target accept ratio =     0.50000
               E_ref =     0.00000                  wfac =     1.00000
        E_loc_cutoff =           F                factor =     1.00000
        kill_persist =           F           max_persist =           0
        load balance =           F                branch =           F
      future walking =           F       pop ctrl = global
              Reconf =           F             RcfMethod =           1
          accumulate =           F
 
    propagator parameters:

              weight =        none                  move =     Umrigar
            moveType =         all
                 tau =     0.02918            drift_scal =     1.00000
             AR step =           T             rej_cross =           F
     expon. sampling =           T
 

             step       size              <E>                   <V>     AR   #max  fmin
 --------------------------------------------------------------------------------------
            300         4      -192.90693 +/-   0.08063     7.796   0.530
            600         4      -192.69738 +/-   0.08372     8.404   0.490  14   -600.94956
            900         4      -193.19147 +/-   0.13177    20.819   0.543  14   -600.94956
           1200         4      -192.63075 +/-   0.07854     7.397   0.507  14   -600.94956
           1500         4      -192.75334 +/-   0.08431     8.522   0.497  14   -600.94956
           1800         4      -193.21321 +/-   0.13639    22.305   0.527  14   -600.94956
           2100         4      -192.57061 +/-   0.08678     9.030   0.513  14   -600.94956
           2400         4      -192.80617 +/-   0.08025     7.721   0.513  14   -600.94956
           2700         4      -192.53737 +/-   0.08345     8.349   0.567  14   -600.94956
           3000         4      -192.94389 +/-   0.09407    10.610   0.513  14   -600.94956
           3300         4      -192.75930 +/-   0.08651     8.973   0.543  14   -600.94956
           3600         4      -192.72722 +/-   0.08924     9.548   0.567  14   -600.94956
           3900         4      -192.61205 +/-   0.09460    10.731   0.443  14   -600.94956
           4200         4      -192.56673 +/-   0.07830     7.350   0.497  14   -600.94956
           4500         4      -192.96655 +/-   0.10208    12.494   0.513  14   -600.94956
           4800         4      -192.56194 +/-   0.07991     7.655   0.487  14   -600.94956
           5100         4      -192.71249 +/-   0.07863     7.414   0.380  14   -600.94956
           5400         4      -192.97340 +/-   0.09749    11.396   0.510  14   -600.94956
           5700         4      -192.53582 +/-   0.08605     8.879   0.473  14   -600.94956
           6000         4      -192.50162 +/-   0.08041     7.752   0.510  14   -600.94956
           6300         4      -192.77306 +/-   0.08239     8.138   0.463  14   -600.94956
           6600         4      -192.81591 +/-   0.08384     8.428   0.453  14   -600.94956
           6900         4      -193.01421 +/-   0.08407     8.474   0.497  14   -600.94956
           7200         4      -192.54802 +/-   0.08821     9.329   0.517  14   -600.94956
           7500         4      -192.85978 +/-   0.07937     7.554   0.487  14   -600.94956
           7800         4      -193.15091 +/-   0.09153    10.044   0.507  14   -600.94956
           8100         4      -192.71369 +/-   0.08956     9.617   0.490  14   -600.94956
           8400         4      -192.58392 +/-   0.08628     8.925   0.530  14   -600.94956
           8700         4      -192.96997 +/-   0.07712     7.132   0.423  14   -600.94956
           9000         4      -192.61219 +/-   0.08285     8.229   0.520  14   -600.94956
           9300         4      -192.65115 +/-   0.08312     8.284   0.627  14   -600.94956
           9600         4      -193.14015 +/-   0.08265     8.191   0.480  14   -600.94956
           9900         4      -192.38268 +/-   0.09084     9.894   0.477  14   -600.94956
          10200         4      -192.92834 +/-   0.07877     7.439   0.503  14   -600.94956
          10500         4      -192.88351 +/-   0.08141     7.947   0.533  14   -600.94956
          10800         4      -192.55448 +/-   0.07616     6.954   0.517  14   -600.94956
          11100         4      -193.11216 +/-   0.09470    10.754   0.393  14   -600.94956
          11400         4      -193.22478 +/-   0.08123     7.912   0.533  14   -600.94956
          11700         4      -192.67027 +/-   0.09143    10.023   0.440  14   -600.94956
          12000         4      -192.61971 +/-   0.09827    11.578   0.463  14   -600.94956
          12300         4      -192.76893 +/-   0.08937     9.576   0.423  14   -600.94956
          12600         4      -192.74177 +/-   0.08175     8.012   0.493  14   -600.94956
          12900         4      -192.40337 +/-   0.08618     8.906   0.513  14   -600.94956
          13200         4      -192.57223 +/-   0.08683     9.040   0.493  14   -600.94956
          13500         4      -192.60686 +/-   0.09149    10.036   0.470  14   -600.94956
          13800         4      -192.98184 +/-   0.08808     9.302   0.430  14   -600.94956
          14100         4      -193.05945 +/-   0.09199    10.147   0.470  14   -600.94956
          14400         4      -192.53413 +/-   0.08565     8.797   0.483  14   -600.94956
          14700         4      -193.17737 +/-   0.07803     7.300   0.500  14   -600.94956
          15000         4      -192.99749 +/-   0.09350    10.482   0.500  14   -600.94956
          15300         4      -192.81196 +/-   0.12587    18.996   0.483  14   -600.94956
          15600         4      -192.59513 +/-   0.07826     7.343   0.577  14   -600.94956
          15900         4      -193.00718 +/-   0.08823     9.334   0.477  14   -600.94956
          16200         4      -192.89279 +/-   0.08060     7.790   0.513  14   -600.94956
          16500         4      -192.93314 +/-   0.08629     8.928   0.563  14   -600.94956
          16800         4      -192.73714 +/-   0.07614     6.950   0.513  14   -600.94956
          17100         4      -193.03215 +/-   0.08696     9.067   0.477  14   -600.94956
          17400         4      -192.82836 +/-   0.09401    10.596   0.503  14   -600.94956
          17700         4      -192.84824 +/-   0.09773    11.451   0.477  14   -600.94956
          18000         4      -192.80815 +/-   0.08798     9.280   0.443  14   -600.94956
          18300         4      -192.84335 +/-   0.09472    10.758   0.387  14   -600.94956
          18600         4      -192.94139 +/-   0.08343     8.345   0.510  14   -600.94956
          18900         4      -193.15841 +/-   0.08824     9.335   0.463  14   -600.94956
          19200         4      -192.98432 +/-   0.08666     9.005   0.487  14   -600.94956
          19500         4      -192.77317 +/-   0.08463     8.587   0.487  14   -600.94956
          19800         4      -192.74879 +/-   0.08348     8.357   0.503  14   -600.94956
          20100         4      -192.57302 +/-   0.08598     8.864   0.410  14   -600.94956
          20400         4      -192.70241 +/-   0.08256     8.172   0.480  14   -600.94956
          20700         4      -192.70298 +/-   0.09164    10.070   0.460  14   -600.94956
          21000         4      -192.78095 +/-   0.08198     8.059   0.573  14   -600.94956
          21300         4      -192.76531 +/-   0.08757     9.194   0.473  14   -600.94956
          21600         4      -192.33768 +/-   0.08381     8.423   0.483  14   -600.94956
          21900         4      -193.04194 +/-   0.08485     8.633   0.513  14   -600.94956


  FINAL RESULT:
 total energy (mean E_loc)    =    -192.79391 +/- 0.02529 E_h
 block average energy         =    -192.79391 E_h
 variance (of E_loc)          =       9.45270 +/- 0.31483 E_h^2
 block average variance       =       9.40730 E_h^2
 tau (adapted)                =        0.0310 fixed at step          375
 N_corr (<5%)                 =       8.5
 N_corr (global)              =       5.8

  FLYVBJERG-PETERSEN: 
 variance                     =       9.44393 E_h^2
 error                        =       0.02567 E_h
 block length                 =     256
 n_corr                       =       6.06

 log2(blen)   error estimate   errors error
          0        0.0104308      0.0000501
          1        0.0130600      0.0000887
          2        0.0158060      0.0001517
          3        0.0183850      0.0002496
          4        0.0205160      0.0003940
          5        0.0223373      0.0006067
          6        0.0236123      0.0009072
          7        0.0250285      0.0013604
          8        0.0261116      0.0020086
          9        0.0251080      0.0027395
         10        0.0257922      0.0040037
         11        0.0265425      0.0058623
         12        0.0231303      0.0073144
         13        0.0253554      0.0119526
         14        0.0231381      0.0163611
         15        0.0277409      0.0392316
 
 Summary for maxima search:
 
 # minimizer calls                      :    5784
 # maxima analyzed (converged)          :    5784
 average # iterations                   :     198
 average # function/gradient evaluations:     230
 
 maximum list mode: pos
 all maximum positions with similarity to reference configurations
 total sample size  :       5781
 not matching ratio :  0.001
  ref   count weightratio            pos                                sigma                              stderr
-----------------------------------------------------------------------------------------------------------------
 ref=   1
   1       11471   1.980    -0.0000     2.4341    -1.1553        0.0008     0.0001     0.0006        0.0000     0.0000     0.0000
   2        5735   0.990     0.0031     0.0005     1.0872        0.0599     0.0175     0.0100        0.0008     0.0002     0.0001
   3        5737   0.991     0.2267     0.4338     2.8025        0.0272     0.0099     0.0425        0.0004     0.0001     0.0006
   4        5735   0.990    -0.0007    -1.8054    -0.7771        0.0243     0.0248     0.0221        0.0003     0.0003     0.0003
   5        6909   1.203    -0.0054    -4.0487     0.1134        0.0000     0.0000     0.0000        0.0000     0.0000     0.0000
   6        6724   1.170     0.0054     4.0487     0.1134        0.0000     0.0000     0.0000        0.0000     0.0000     0.0000
   7        5737   0.991    -0.5281     0.0001     2.6691        0.0030     0.0156     0.0348        0.0000     0.0002     0.0005
   8        6856   1.204     1.6602    -2.5158    -2.3788        0.0000     0.0000     0.0000        0.0000     0.0000     0.0000
   9        5735   0.990     0.0003     0.6438    -0.0895        0.0106     0.0188     0.0213        0.0001     0.0002     0.0003
  10       11470   1.980     0.0000     0.0000     0.3485        0.0000     0.0000     0.0000        0.0000     0.0000     0.0000
  11        5737   0.991     0.2264    -0.4337     2.8025        0.0276     0.0100     0.0433        0.0004     0.0001     0.0006
  12        6937   1.221     1.6535     2.5112    -2.3880        0.0000     0.0000     0.0000        0.0000     0.0000     0.0000
  13       11470   1.980     0.0000     0.0000     2.6350        0.0000     0.0000     0.0000        0.0000     0.0000     0.0000
  14        6944   1.221    -1.6602     2.5158    -2.3788        0.0000     0.0000     0.0000        0.0000     0.0000     0.0000
  15        6977   1.227    -1.6535    -2.5112    -2.3880        0.0000     0.0000     0.0000        0.0000     0.0000     0.0000
  16       11470   1.980     0.0000    -2.4341    -1.1553        0.0000     0.0000     0.0000        0.0000     0.0000     0.0000
  17        4561   0.777    -0.0032    -3.0554    -0.6809        0.0189     0.0219     0.0250        0.0003     0.0003     0.0004
  18        5735   0.990    -0.0002     1.8039    -0.7775        0.0244     0.0244     0.0215        0.0003     0.0003     0.0003
  19        4746   0.811     0.0021     3.0546    -0.6806        0.0186     0.0218     0.0245        0.0003     0.0003     0.0004
  20        5735   0.990    -0.0002    -0.6443    -0.0898        0.0108     0.0191     0.0212        0.0001     0.0003     0.0003
  21        5733   0.990     0.5283     0.0001     2.6657        0.0016     0.0140     0.0349        0.0000     0.0002     0.0005
  22        5735   0.990    -0.0069    -0.0009     2.0287        0.1390     0.0308     0.0075        0.0018     0.0004     0.0001
  23        5733   0.990    -0.2240    -0.4328     2.8067        0.0270     0.0097     0.0439        0.0004     0.0001     0.0006
  24        5733   0.990    -0.2241     0.4333     2.8059        0.0266     0.0094     0.0429        0.0004     0.0001     0.0006
  25        4532   0.759     0.6562     2.4587    -1.6349        0.0323     0.0149     0.0227        0.0005     0.0002     0.0003
  26        4526   0.759    -0.6586     2.4603    -1.6310        0.0323     0.0148     0.0225        0.0005     0.0002     0.0003
  27        4614   0.776     0.6568    -2.4611    -1.6298        0.0328     0.0148     0.0238        0.0005     0.0002     0.0004
  28        4493   0.753    -0.6562    -2.4600    -1.6337        0.0317     0.0148     0.0238        0.0005     0.0002     0.0004
 ref=   2
   1           4   0.001     0.5210    -0.0037     2.6631        0.0026     0.0091     0.0079        0.0015     0.0053     0.0045
   2           4   0.001    -0.0008    -1.4814    -0.5854        0.0022     0.0117     0.0008        0.0013     0.0068     0.0005
   3           8   0.002     0.0000    -2.4341    -1.1553        0.0000     0.0000     0.0000        0.0000     0.0000     0.0000
   4           8   0.002     0.0000     2.4341    -1.1553        0.0000     0.0000     0.0000        0.0000     0.0000     0.0000
   5           8   0.002    -1.6535    -2.5112    -2.3880        0.0000     0.0000     0.0000        0.0000     0.0000     0.0000
   6           8   0.002     1.6602    -2.5158    -2.3788        0.0000     0.0000     0.0000        0.0000     0.0000     0.0000
   7           4   0.001    -1.6602     2.5158    -2.3788        0.0000     0.0000     0.0000        0.0000     0.0000     0.0000
   8           8   0.002     0.0000     0.0000     2.6350        0.0000     0.0000     0.0000        0.0000     0.0000     0.0000
   9           4   0.001    -0.2149     0.4269     2.8083        0.0208     0.0045     0.0306        0.0120     0.0026     0.0176
  10           8   0.002     0.0000     0.0000     0.3485        0.0000     0.0000     0.0000        0.0000     0.0000     0.0000
  11           8   0.002    -0.0054    -4.0487     0.1134        0.0000     0.0000     0.0000        0.0000     0.0000     0.0000
  12           4   0.001     0.0325    -0.0237     1.0322        0.0640     0.0021     0.0058        0.0370     0.0012     0.0033
  13           4   0.001     0.0068     0.5856    -0.0852        0.0077     0.0051     0.0057        0.0045     0.0029     0.0033
  14           1   0.000     0.0274     3.0403    -0.6503        0.0000     0.0000     0.0000        0.0000     0.0000     0.0000
  15           4   0.001     0.6282     2.4677    -1.5963        0.0157     0.0092     0.0248        0.0091     0.0053     0.0143
  16           4   0.001    -0.2205    -0.4239     2.8098        0.0091     0.0089     0.0235        0.0053     0.0051     0.0136
  17           4   0.001    -0.0161     1.7853    -0.7467        0.0165     0.0223     0.0119        0.0095     0.0129     0.0069
  18           4   0.001    -0.5228     0.0043     2.6776        0.0027     0.0091     0.0059        0.0016     0.0052     0.0034
  19           4   0.001     0.2395     0.4335     2.7688        0.0204     0.0055     0.0303        0.0118     0.0032     0.0175
  20           4   0.001    -0.6327     2.4540    -1.5919        0.0137     0.0164     0.0245        0.0079     0.0095     0.0141
  21           4   0.001     1.6535     2.5112    -2.3880        0.0000     0.0000     0.0000        0.0000     0.0000     0.0000
  22           7   0.002     0.0054     4.0487     0.1134        0.0000     0.0000     0.0000        0.0000     0.0000     0.0000
  23           4   0.001    -0.0003    -1.8976    -0.8420        0.0007     0.0007     0.0017        0.0004     0.0004     0.0010
  24           4   0.001     0.2340    -0.4326     2.7819        0.0081     0.0087     0.0216        0.0047     0.0050     0.0125
  25           4   0.001    -0.0576     0.0009     1.9861        0.0925     0.0031     0.0069        0.0534     0.0018     0.0040
 ref=   3
   1           2   0.001     0.0000     0.0000     0.3485        0.0000     0.0000     0.0000        0.0000     0.0000     0.0000
   2           1   0.000    -0.0001    -1.7828    -0.7636        0.0000     0.0000     0.0000        0.0000     0.0000     0.0000
   3           0   0.000     0.0000     0.0000     0.0000        0.0000     0.0000     0.0000        0.0000     0.0000     0.0000
   4           1   0.000     0.0007     1.8976    -0.8408        0.0000     0.0000     0.0000        0.0000     0.0000     0.0000
   5           2   0.001     0.0054     4.0487     0.1134        0.0000     0.0000     0.0000        0.0000     0.0000     0.0000
   6           2   0.001     0.0000     2.4341    -1.1553        0.0000     0.0000     0.0000        0.0000     0.0000     0.0000
   7           2   0.001    -1.6602     2.5158    -2.3788        0.0000     0.0000     0.0000        0.0000     0.0000     0.0000
   8           1   0.000     0.6313    -2.4538    -1.5684        0.0000     0.0000     0.0000        0.0000     0.0000     0.0000
   9           1   0.000    -0.6291    -2.4536    -1.5727        0.0000     0.0000     0.0000        0.0000     0.0000     0.0000
  10           1   0.000     0.0718     0.0241     1.0296        0.0000     0.0000     0.0000        0.0000     0.0000     0.0000
  11           1   0.000     0.2507    -0.4359     2.7512        0.0000     0.0000     0.0000        0.0000     0.0000     0.0000
  12           1   0.000    -0.5244    -0.0097     2.6781        0.0000     0.0000     0.0000        0.0000     0.0000     0.0000
  13           2   0.001     0.0000     0.0000     2.6350        0.0000     0.0000     0.0000        0.0000     0.0000     0.0000
  14           2   0.001     1.6535     2.5112    -2.3880        0.0000     0.0000     0.0000        0.0000     0.0000     0.0000
  15           1   0.000     0.2373     0.4376     2.7708        0.0000     0.0000     0.0000        0.0000     0.0000     0.0000
  16           2   0.001     0.0000    -2.4341    -1.1553        0.0000     0.0000     0.0000        0.0000     0.0000     0.0000
  17           2   0.001    -0.0054    -4.0487     0.1134        0.0000     0.0000     0.0000        0.0000     0.0000     0.0000
  18           1   0.000    -1.6535    -2.5112    -2.3880        0.0000     0.0000     0.0000        0.0000     0.0000     0.0000
  19           1   0.000    -0.2037    -0.4226     2.8268        0.0000     0.0000     0.0000        0.0000     0.0000     0.0000
  20           1   0.000    -0.0024     1.4749    -0.5864        0.0000     0.0000     0.0000        0.0000     0.0000     0.0000
  21           1   0.000    -0.1073    -0.0043     1.9830        0.0000     0.0000     0.0000        0.0000     0.0000     0.0000
  22           1   0.000     1.6602    -2.5158    -2.3788        0.0000     0.0000     0.0000        0.0000     0.0000     0.0000
  23           1   0.000    -0.0050    -0.5883    -0.0815        0.0000     0.0000     0.0000        0.0000     0.0000     0.0000
  24           1   0.000    -0.2179     0.4201     2.8175        0.0000     0.0000     0.0000        0.0000     0.0000     0.0000
  25           1   0.000     0.5190     0.0101     2.6631        0.0000     0.0000     0.0000        0.0000     0.0000     0.0000
 ref=   4
   1           8   0.002     0.0000     0.0000     0.3485        0.0000     0.0000     0.0000        0.0000     0.0000     0.0000
   2           7   0.002    -1.6535    -2.5112    -2.3880        0.0000     0.0000     0.0000        0.0000     0.0000     0.0000
   3           5   0.001    -0.0054    -4.0487     0.1134        0.0000     0.0000     0.0000        0.0000     0.0000     0.0000
   4           4   0.001    -0.5726    -0.0181     0.8554        0.0025     0.0084     0.0230        0.0014     0.0049     0.0133
   5           8   0.002     0.0000    -2.4341    -1.1553        0.0000     0.0000     0.0000        0.0000     0.0000     0.0000
   6           6   0.001     1.6535     2.5112    -2.3880        0.0000     0.0000     0.0000        0.0000     0.0000     0.0000
   7           8   0.002     0.0000     2.4341    -1.1553        0.0000     0.0000     0.0000        0.0000     0.0000     0.0000
   8           4   0.001    -0.0012    -1.8412    -0.7983        0.0030     0.0269     0.0324        0.0017     0.0155     0.0187
   9           5   0.001    -1.6602     2.5158    -2.3788        0.0000     0.0000     0.0000        0.0000     0.0000     0.0000
  10           7   0.002     0.0054     4.0487     0.1134        0.0000     0.0000     0.0000        0.0000     0.0000     0.0000
  11           4   0.001    -0.0041    -0.4489     2.8907        0.0038     0.0035     0.0066        0.0022     0.0020     0.0038
  12           4   0.001    -0.0121     0.4794     2.8109        0.0108     0.0014     0.0047        0.0063     0.0008     0.0027
  13           8   0.002     0.0000     0.0000     2.6350        0.0000     0.0000     0.0000        0.0000     0.0000     0.0000
  14           6   0.001     1.6602    -2.5158    -2.3788        0.0000     0.0000     0.0000        0.0000     0.0000     0.0000
  15           4   0.001     0.5671    -0.0150     0.8895        0.0086     0.0082     0.0097        0.0050     0.0047     0.0056
  16           4   0.001     0.0036     1.8431    -0.7828        0.0047     0.0350     0.0334        0.0027     0.0202     0.0193
  17           4   0.001    -0.0476     0.2400     2.1855        0.0433     0.0210     0.0073        0.0250     0.0121     0.0042
  18           2   0.000     0.6566    -2.4615    -1.6313        0.0329     0.0202     0.0032        0.0329     0.0202     0.0032
  19           4   0.001     0.4044     0.1603     2.8621        0.0181     0.0618     0.0145        0.0105     0.0357     0.0084
  20           4   0.001     0.0755    -0.4508     2.4856        0.0670     0.0073     0.0151        0.0387     0.0042     0.0087
  21           4   0.001    -0.0034    -0.7037    -0.1163        0.0045     0.0471     0.0220        0.0026     0.0272     0.0127
  22           3   0.001    -0.0120    -3.0419    -0.6851        0.0143     0.0269     0.0300        0.0101     0.0190     0.0212
  23           4   0.001     0.0077     0.6717    -0.1209        0.0061     0.0371     0.0433        0.0035     0.0214     0.0250
  24           4   0.001    -0.4253     0.0375     2.8832        0.0026     0.0472     0.0079        0.0015     0.0273     0.0046
  25           2   0.000     0.6398     2.4865    -1.5967        0.0051     0.0034     0.0056        0.0051     0.0034     0.0056
  26           3   0.001    -0.6351     2.4775    -1.5973        0.0046     0.0155     0.0085        0.0033     0.0110     0.0060
  27           1   0.000     0.0095     3.0492    -0.7010        0.0000     0.0000     0.0000        0.0000     0.0000     0.0000
  28           1   0.000    -0.6883    -2.4806    -1.6383        0.0000     0.0000     0.0000        0.0000     0.0000     0.0000
 ref=   5
   1           6   0.001    -1.6602     2.5158    -2.3788        0.0000     0.0000     0.0000        0.0000     0.0000     0.0000
   2           5   0.001     0.5796     0.0054     0.8507        0.0064     0.0084     0.0334        0.0032     0.0042     0.0167
   3          10   0.002     0.0000     2.4341    -1.1553        0.0000     0.0000     0.0000        0.0000     0.0000     0.0000
   4           7   0.001    -0.0054    -4.0487     0.1134        0.0000     0.0000     0.0000        0.0000     0.0000     0.0000
   5          10   0.002     0.0000    -2.4341    -1.1553        0.0000     0.0000     0.0000        0.0000     0.0000     0.0000
   6           7   0.002     0.0054     4.0487     0.1134        0.0000     0.0000     0.0000        0.0000     0.0000     0.0000
   7           5   0.001     0.0083    -0.4783     2.8197        0.0229     0.0016     0.0031        0.0114     0.0008     0.0016
   8           5   0.001    -0.5679     0.0055     0.9070        0.0055     0.0101     0.0375        0.0028     0.0050     0.0187
   9           5   0.001    -0.0025    -0.7138    -0.0964        0.0109     0.0232     0.0102        0.0054     0.0116     0.0051
  10           5   0.001    -0.0079     1.8143    -0.7870        0.0138     0.0248     0.0141        0.0069     0.0124     0.0071
  11          10   0.002     0.0000     0.0000     0.3485        0.0000     0.0000     0.0000        0.0000     0.0000     0.0000
  12          10   0.002     0.0000     0.0000     2.6350        0.0000     0.0000     0.0000        0.0000     0.0000     0.0000
  13           5   0.001     0.0059     0.4532     2.8833        0.0080     0.0026     0.0030        0.0040     0.0013     0.0015
  14           6   0.001     1.6535     2.5112    -2.3880        0.0000     0.0000     0.0000        0.0000     0.0000     0.0000
  15           9   0.002    -1.6535    -2.5112    -2.3880        0.0000     0.0000     0.0000        0.0000     0.0000     0.0000
  16           7   0.002     1.6602    -2.5158    -2.3788        0.0000     0.0000     0.0000        0.0000     0.0000     0.0000
  17           5   0.001     0.4124    -0.0753     2.8796        0.0136     0.1049     0.0199        0.0068     0.0525     0.0100
  18           5   0.001    -0.0392     0.4432     2.4989        0.1345     0.0037     0.0118        0.0672     0.0018     0.0059
  19           5   0.001     0.0032     0.6926    -0.0737        0.0099     0.0223     0.0095        0.0049     0.0112     0.0048
  20           4   0.001     0.6456     2.4658    -1.6235        0.0455     0.0182     0.0281        0.0263     0.0105     0.0162
  21           3   0.001     0.6045    -2.4764    -1.6010        0.0133     0.0064     0.0197        0.0094     0.0045     0.0140
  22           5   0.001    -0.0113    -1.8348    -0.8033        0.0173     0.0170     0.0130        0.0086     0.0085     0.0065
  23           5   0.001    -0.4014    -0.1371     2.8629        0.0224     0.1150     0.0246        0.0112     0.0575     0.0123
  24           4   0.001    -0.6537     2.4548    -1.6258        0.0281     0.0131     0.0171        0.0162     0.0076     0.0099
  25           5   0.001     0.0248    -0.2237     2.1810        0.0881     0.0163     0.0066        0.0440     0.0082     0.0033
  26           3   0.001     0.0153     3.0601    -0.6560        0.0146     0.0143     0.0191        0.0103     0.0101     0.0135
  27           3   0.001     0.0066    -3.0346    -0.6968        0.0171     0.0153     0.0192        0.0121     0.0108     0.0135
  28           1   0.000    -0.6153    -2.4398    -1.6251        0.0000     0.0000     0.0000        0.0000     0.0000     0.0000
 ref=   6
   1          24   0.005     0.0000     0.0000     0.3485        0.0000     0.0000     0.0000        0.0000     0.0000     0.0000
   2          12   0.002    -0.1740    -0.6507    -0.1866        0.0048     0.0194     0.0080        0.0014     0.0058     0.0024
   3          21   0.004    -0.0054    -4.0487     0.1134        0.0000     0.0000     0.0000        0.0000     0.0000     0.0000
   4          12   0.002    -0.2452    -0.4294     2.7879        0.0177     0.0087     0.0354        0.0053     0.0026     0.0107
   5          36   0.007     0.0881    -2.4287    -1.0916        0.1246     0.0078     0.0902        0.0211     0.0013     0.0152
   6          24   0.005     0.0000     2.4341    -1.1553        0.0000     0.0000     0.0000        0.0000     0.0000     0.0000
   7          16   0.003     1.6535     2.5112    -2.3880        0.0000     0.0000     0.0000        0.0000     0.0000     0.0000
   8          17   0.004    -1.6602     2.5158    -2.3788        0.0000     0.0000     0.0000        0.0000     0.0000     0.0000
   9          13   0.003     0.0054     4.0487     0.1134        0.0000     0.0000     0.0000        0.0000     0.0000     0.0000
  10          12   0.002     0.5262    -0.0114     2.6858        0.0015     0.0127     0.0284        0.0005     0.0038     0.0086
  11          12   0.002    -0.2246     0.4404     2.7924        0.0281     0.0093     0.0458        0.0085     0.0028     0.0138
  12          24   0.005     0.0000     0.0000     2.6350        0.0000     0.0000     0.0000        0.0000     0.0000     0.0000
  13          14   0.003     1.6602    -2.5158    -2.3788        0.0000     0.0000     0.0000        0.0000     0.0000     0.0000
  14          12   0.002    -0.0006    -0.0037     1.0781        0.0580     0.0198     0.0074        0.0175     0.0060     0.0022
  15          12   0.002    -0.0008     1.8158    -0.7894        0.0307     0.0118     0.0152        0.0093     0.0036     0.0046
  16          12   0.002    -1.6535    -2.5112    -2.3880        0.0000     0.0000     0.0000        0.0000     0.0000     0.0000
  17          12   0.002     0.0357     0.0073     2.0213        0.1263     0.0308     0.0060        0.0381     0.0093     0.0018
  18          12   0.002     0.2087    -0.4344     2.8154        0.0190     0.0124     0.0391        0.0057     0.0037     0.0118
  19          11   0.002    -0.0054     3.0445    -0.7024        0.0220     0.0131     0.0157        0.0070     0.0041     0.0050
  20          12   0.002    -0.5289     0.0140     2.6582        0.0017     0.0130     0.0279        0.0005     0.0039     0.0084
  21          12   0.002    -0.0859    -1.7777    -0.7904        0.0118     0.0176     0.0148        0.0036     0.0053     0.0045
  22           3   0.001    -0.0775    -3.1361    -0.6855        0.0100     0.0218     0.0223        0.0071     0.0154     0.0158
  23          12   0.002     0.0053     0.6451    -0.1045        0.0098     0.0082     0.0165        0.0030     0.0025     0.0050
  24          12   0.002     0.2292     0.4288     2.8105        0.0288     0.0094     0.0434        0.0087     0.0028     0.0131
  25           8   0.002     0.6283     2.4539    -1.6337        0.0282     0.0060     0.0180        0.0107     0.0022     0.0068
  26          10   0.002     0.6463    -2.4784    -1.7225        0.0280     0.0060     0.0257        0.0093     0.0020     0.0086
  27           7   0.001    -0.6429     2.4580    -1.6270        0.0283     0.0072     0.0203        0.0116     0.0029     0.0083
 ref=   7
   1           2   0.000    -0.0134    -0.6806    -0.0638        0.0030     0.0068     0.0162        0.0030     0.0068     0.0162
   2           1   0.000     0.0076    -3.0475    -0.7114        0.0000     0.0000     0.0000        0.0000     0.0000     0.0000
   3           4   0.001     0.0000     0.0000     2.6350        0.0000     0.0000     0.0000        0.0000     0.0000     0.0000
   4           4   0.001     0.0000     0.0000     0.3485        0.0000     0.0000     0.0000        0.0000     0.0000     0.0000
   5           2   0.000     0.5275    -0.0126     2.6400        0.0000     0.0206     0.0088        0.0000     0.0206     0.0088
   6           2   0.000    -0.2117    -0.4225     2.8375        0.0125     0.0027     0.0025        0.0125     0.0027     0.0025
   7           2   0.000    -0.1913     0.4295     2.8412        0.0191     0.0031     0.0132        0.0191     0.0031     0.0132
   8           2   0.000     0.1719     0.6673    -0.1504        0.0026     0.0056     0.0041        0.0026     0.0056     0.0041
   9           6   0.001    -0.0890     2.4278    -1.0935        0.1259     0.0089     0.0874        0.0563     0.0040     0.0391
  10           2   0.000    -0.1320     0.0054     2.0226        0.0095     0.0133     0.0089        0.0095     0.0133     0.0089
  11           2   0.000     0.0054     4.0487     0.1134        0.0000     0.0000     0.0000        0.0000     0.0000     0.0000
  12           3   0.001     1.6602    -2.5158    -2.3788        0.0000     0.0000     0.0000        0.0000     0.0000     0.0000
  13           4   0.001     0.0000    -2.4341    -1.1553        0.0000     0.0000     0.0000        0.0000     0.0000     0.0000
  14           4   0.001    -1.6602     2.5158    -2.3788        0.0000     0.0000     0.0000        0.0000     0.0000     0.0000
  15           3   0.001    -1.6535    -2.5112    -2.3880        0.0000     0.0000     0.0000        0.0000     0.0000     0.0000
  16           2   0.000     0.2420    -0.4463     2.7596        0.0140     0.0081     0.0021        0.0140     0.0081     0.0021
  17           2   0.000     0.0570     1.7388    -0.8279        0.0032     0.0036     0.0005        0.0032     0.0036     0.0005
  18           2   0.000     0.0638     3.1025    -0.7107        0.0018     0.0043     0.0019        0.0018     0.0043     0.0019
  19           2   0.000     0.2621     0.4340     2.7632        0.0157     0.0079     0.0039        0.0157     0.0079     0.0039
  20           2   0.000     0.0499     0.0012     1.0776        0.0047     0.0054     0.0122        0.0047     0.0054     0.0122
  21           1   0.000    -0.6218    -2.4565    -1.6174        0.0000     0.0000     0.0000        0.0000     0.0000     0.0000
  22           3   0.001    -0.0054    -4.0487     0.1134        0.0000     0.0000     0.0000        0.0000     0.0000     0.0000
  23           2   0.000    -0.5246     0.0111     2.7059        0.0002     0.0181     0.0046        0.0002     0.0181     0.0046
  24           2   0.000    -0.0104    -1.8223    -0.8032        0.0227     0.0312     0.0133        0.0227     0.0312     0.0133
  25           2   0.000     1.6535     2.5112    -2.3880        0.0000     0.0000     0.0000        0.0000     0.0000     0.0000
  26           1   0.000     0.5839    -2.4798    -1.5882        0.0000     0.0000     0.0000        0.0000     0.0000     0.0000
 ref=   8
   1           2   0.000     0.0000     0.0000     2.6350        0.0000     0.0000     0.0000        0.0000     0.0000     0.0000
   2           1   0.000    -0.5300    -0.0006     2.6353        0.0000     0.0000     0.0000        0.0000     0.0000     0.0000
   3           1   0.000    -0.0622     0.0121     1.0825        0.0000     0.0000     0.0000        0.0000     0.0000     0.0000
   4           1   0.000     1.6535     2.5112    -2.3880        0.0000     0.0000     0.0000        0.0000     0.0000     0.0000
   5           2   0.000     0.0000     0.0000     0.3485        0.0000     0.0000     0.0000        0.0000     0.0000     0.0000
   6           0   0.000     0.0000     0.0000     0.0000        0.0000     0.0000     0.0000        0.0000     0.0000     0.0000
   7           1   0.000     0.1984     0.4407     2.8159        0.0000     0.0000     0.0000        0.0000     0.0000     0.0000
   8           1   0.000     0.0906    -1.7380    -0.7895        0.0000     0.0000     0.0000        0.0000     0.0000     0.0000
   9           2   0.000     0.0000     2.4341    -1.1553        0.0000     0.0000     0.0000        0.0000     0.0000     0.0000
  10           1   0.000    -1.6535    -2.5112    -2.3880        0.0000     0.0000     0.0000        0.0000     0.0000     0.0000
  11           1   0.000    -0.6373     2.4852    -1.5964        0.0000     0.0000     0.0000        0.0000     0.0000     0.0000
  12           1   0.000     1.6602    -2.5158    -2.3788        0.0000     0.0000     0.0000        0.0000     0.0000     0.0000
  13           3   0.001    -0.0904    -2.4269    -1.0912        0.1279     0.0102     0.0906        0.0904     0.0072     0.0641
  14           1   0.000     0.2041    -0.4134     2.8692        0.0000     0.0000     0.0000        0.0000     0.0000     0.0000
  15           1   0.000    -0.0021     1.8535    -0.7530        0.0000     0.0000     0.0000        0.0000     0.0000     0.0000
  16           1   0.000     0.0816    -3.1468    -0.6724        0.0000     0.0000     0.0000        0.0000     0.0000     0.0000
  17           1   0.000    -0.2424    -0.4490     2.7570        0.0000     0.0000     0.0000        0.0000     0.0000     0.0000
  18           1   0.000    -1.6602     2.5158    -2.3788        0.0000     0.0000     0.0000        0.0000     0.0000     0.0000
  19           1   0.000     0.1789    -0.6252    -0.1821        0.0000     0.0000     0.0000        0.0000     0.0000     0.0000
  20           2   0.000     0.0054     4.0487     0.1134        0.0000     0.0000     0.0000        0.0000     0.0000     0.0000
  21           1   0.000     0.5296     0.0060     2.7011        0.0000     0.0000     0.0000        0.0000     0.0000     0.0000
  22           1   0.000     0.1390    -0.0279     2.0250        0.0000     0.0000     0.0000        0.0000     0.0000     0.0000
  23           1   0.000    -0.0036     0.6577    -0.1116        0.0000     0.0000     0.0000        0.0000     0.0000     0.0000
  24           1   0.000    -0.2587     0.4330     2.7763        0.0000     0.0000     0.0000        0.0000     0.0000     0.0000
  25           1   0.000    -0.0054    -4.0487     0.1134        0.0000     0.0000     0.0000        0.0000     0.0000     0.0000
  26           1   0.000     0.6418     2.4824    -1.6001        0.0000     0.0000     0.0000        0.0000     0.0000     0.0000
  27           1   0.000    -0.7001    -2.4610    -1.7832        0.0000     0.0000     0.0000        0.0000     0.0000     0.0000
 ref=   9
   1           6   0.001    -0.0067    -0.6370    -0.0878        0.0069     0.0151     0.0070        0.0031     0.0067     0.0031
   2          12   0.002     0.0000    -2.4341    -1.1553        0.0000     0.0000     0.0000        0.0000     0.0000     0.0000
   3           6   0.001     0.2394     0.4343     2.7937        0.0305     0.0038     0.0364        0.0136     0.0017     0.0163
   4           6   0.001    -0.0054    -4.0487     0.1134        0.0000     0.0000     0.0000        0.0000     0.0000     0.0000
   5           8   0.001    -1.6602     2.5158    -2.3788        0.0000     0.0000     0.0000        0.0000     0.0000     0.0000
   6           6   0.001     0.0054     4.0487     0.1134        0.0000     0.0000     0.0000        0.0000     0.0000     0.0000
   7           4   0.001     0.6930    -2.4713    -1.6353        0.0046     0.0118     0.0098        0.0027     0.0068     0.0056
   8          12   0.002     0.0000     0.0000     0.3485        0.0000     0.0000     0.0000        0.0000     0.0000     0.0000
   9           6   0.001    -0.0144     1.8176    -0.6814        0.0178     0.0152     0.0150        0.0080     0.0068     0.0067
  10           6   0.001     0.0209    -0.0134     1.1007        0.0519     0.0224     0.0038        0.0232     0.0100     0.0017
  11           6   0.001     0.7374     2.5390    -1.6438        0.0410     0.0019     0.0184        0.0183     0.0008     0.0082
  12          18   0.003    -0.0008     2.3530    -1.2198        0.0016     0.1147     0.0912        0.0004     0.0278     0.0221
  13           6   0.001    -1.6535    -2.5112    -2.3880        0.0000     0.0000     0.0000        0.0000     0.0000     0.0000
  14           6   0.001     0.2175    -0.4377     2.8079        0.0306     0.0102     0.0466        0.0137     0.0046     0.0208
  15          12   0.002     0.0000     0.0000     2.6350        0.0000     0.0000     0.0000        0.0000     0.0000     0.0000
  16           6   0.001    -0.5292     0.0139     2.6692        0.0015     0.0155     0.0453        0.0007     0.0069     0.0203
  17           6   0.001    -0.2284    -0.4243     2.8195        0.0317     0.0112     0.0509        0.0142     0.0050     0.0228
  18           6   0.001    -0.0295    -0.0111     2.0411        0.1444     0.0323     0.0072        0.0646     0.0144     0.0032
  19           6   0.001     1.6535     2.5112    -2.3880        0.0000     0.0000     0.0000        0.0000     0.0000     0.0000
  20           8   0.001     1.6602    -2.5158    -2.3788        0.0000     0.0000     0.0000        0.0000     0.0000     0.0000
  21           6   0.001    -0.0009     0.7481    -0.0077        0.0049     0.0129     0.0107        0.0022     0.0058     0.0048
  22           6   0.001    -0.2117     0.4396     2.8095        0.0278     0.0069     0.0420        0.0124     0.0031     0.0188
  23           6   0.001     0.0200    -1.7910    -0.7772        0.0181     0.0161     0.0237        0.0081     0.0072     0.0106
  24           6   0.001     0.5283    -0.0098     2.6628        0.0016     0.0207     0.0392        0.0007     0.0093     0.0175
  25           6   0.001    -0.6544    -2.4662    -1.6376        0.0376     0.0098     0.0149        0.0168     0.0044     0.0066
  26           4   0.001    -0.7788     2.5416    -1.6570        0.0006     0.0013     0.0013        0.0003     0.0008     0.0007
  27           6   0.001     0.0133    -3.0680    -0.6811        0.0144     0.0226     0.0192        0.0065     0.0101     0.0086
 ref=  10
   1           4   0.001     0.0000     0.0000     0.3485        0.0000     0.0000     0.0000        0.0000     0.0000     0.0000
   2           3   0.001    -1.6535    -2.5112    -2.3880        0.0000     0.0000     0.0000        0.0000     0.0000     0.0000
   3           2   0.000    -0.0054    -4.0487     0.1134        0.0000     0.0000     0.0000        0.0000     0.0000     0.0000
   4           2   0.000    -0.0147    -0.0109     1.0757        0.0550     0.0273     0.0101        0.0550     0.0273     0.0101
   5           3   0.001     0.0054     4.0487     0.1134        0.0000     0.0000     0.0000        0.0000     0.0000     0.0000
   6           4   0.001     0.0000     2.4341    -1.1553        0.0000     0.0000     0.0000        0.0000     0.0000     0.0000
   7           2   0.000    -1.6602     2.5158    -2.3788        0.0000     0.0000     0.0000        0.0000     0.0000     0.0000
   8           6   0.001    -0.0007    -2.5180    -1.2089        0.0015     0.1187     0.0757        0.0007     0.0531     0.0339
   9           2   0.000     1.6602    -2.5158    -2.3788        0.0000     0.0000     0.0000        0.0000     0.0000     0.0000
  10           2   0.000     0.2370    -0.4347     2.7814        0.0235     0.0017     0.0279        0.0235     0.0017     0.0279
  11           2   0.000    -0.5249    -0.0217     2.6691        0.0008     0.0004     0.0321        0.0008     0.0004     0.0321
  12           4   0.001     0.0000     0.0000     2.6350        0.0000     0.0000     0.0000        0.0000     0.0000     0.0000
  13           2   0.000     0.2097     0.4259     2.8303        0.0235     0.0144     0.0428        0.0235     0.0144     0.0428
  14           2   0.000     0.6521     2.4686    -1.6144        0.0232     0.0107     0.0285        0.0232     0.0107     0.0285
  15           2   0.000    -0.0024     0.6132    -0.1148        0.0128     0.0027     0.0109        0.0128     0.0027     0.0109
  16           2   0.000     0.5270     0.0205     2.6679        0.0004     0.0074     0.0299        0.0004     0.0074     0.0299
  17           2   0.000    -0.0112    -0.6541    -0.1207        0.0077     0.0065     0.0086        0.0077     0.0065     0.0086
  18           2   0.000    -0.0171    -3.0275    -0.5835        0.0122     0.0215     0.0233        0.0122     0.0215     0.0233
  19           2   0.000     0.0140     1.8165    -0.7550        0.0144     0.0277     0.0147        0.0144     0.0277     0.0147
  20           2   0.000    -0.2415     0.4363     2.7703        0.0179     0.0013     0.0282        0.0179     0.0013     0.0282
  21           2   0.000     0.7212    -2.3786    -1.6406        0.0399     0.0040     0.0151        0.0399     0.0040     0.0151
  22           2   0.000     1.6535     2.5112    -2.3880        0.0000     0.0000     0.0000        0.0000     0.0000     0.0000
  23           2   0.000    -0.2141    -0.4297     2.8216        0.0292     0.0122     0.0496        0.0292     0.0122     0.0496
  24           2   0.000     0.0183     0.0004     2.0210        0.1321     0.0409     0.0073        0.1321     0.0409     0.0073
  25           2   0.000    -0.6442     2.4708    -1.6164        0.0192     0.0107     0.0379        0.0192     0.0107     0.0379
  26           1   0.000     0.0247     3.0807    -0.6741        0.0000     0.0000     0.0000        0.0000     0.0000     0.0000
  27           1   0.000    -0.7679    -2.3823    -1.6649        0.0000     0.0000     0.0000        0.0000     0.0000     0.0000
 ref=  11
   1           3   0.001    -0.0179     0.0043     1.0960        0.0463     0.0187     0.0110        0.0327     0.0132     0.0077
   2           6   0.001     0.0000     0.0000     2.6350        0.0000     0.0000     0.0000        0.0000     0.0000     0.0000
   3           4   0.001    -1.6535    -2.5112    -2.3880        0.0000     0.0000     0.0000        0.0000     0.0000     0.0000
   4           3   0.001    -0.0038     0.6285    -0.1044        0.0094     0.0089     0.0146        0.0066     0.0063     0.0103
   5           4   0.001     1.6535     2.5112    -2.3880        0.0000     0.0000     0.0000        0.0000     0.0000     0.0000
   6           6   0.001     0.0000     2.4341    -1.1553        0.0000     0.0000     0.0000        0.0000     0.0000     0.0000
   7           3   0.001    -1.6602     2.5158    -2.3788        0.0000     0.0000     0.0000        0.0000     0.0000     0.0000
   8           3   0.001     0.7414    -2.5388    -1.6402        0.0395     0.0021     0.0157        0.0279     0.0015     0.0111
   9           9   0.002    -0.0003    -2.3534    -1.2200        0.0011     0.1141     0.0915        0.0004     0.0403     0.0324
  10           3   0.001    -0.5279     0.0107     2.6574        0.0019     0.0273     0.0401        0.0013     0.0193     0.0284
  11           6   0.001     0.0000     0.0000     0.3485        0.0000     0.0000     0.0000        0.0000     0.0000     0.0000
  12           3   0.001     0.2086    -0.4407     2.8120        0.0241     0.0045     0.0306        0.0171     0.0032     0.0216
  13           3   0.001     0.2254     0.4214     2.8233        0.0392     0.0097     0.0580        0.0277     0.0068     0.0410
  14           4   0.001     0.0054     4.0487     0.1134        0.0000     0.0000     0.0000        0.0000     0.0000     0.0000
  15           3   0.001    -0.0149    -1.8249    -0.6796        0.0166     0.0034     0.0181        0.0118     0.0024     0.0128
  16           3   0.001    -0.0054    -4.0487     0.1134        0.0000     0.0000     0.0000        0.0000     0.0000     0.0000
  17           3   0.001    -0.2181     0.4327     2.8104        0.0395     0.0149     0.0623        0.0279     0.0105     0.0440
  18           3   0.001    -0.2462    -0.4376     2.7782        0.0226     0.0055     0.0192        0.0160     0.0039     0.0136
  19           2   0.000     0.6578     2.4546    -1.6193        0.0148     0.0107     0.0374        0.0148     0.0107     0.0374
  20           2   0.000    -0.0071     3.0521    -0.6685        0.0162     0.0126     0.0212        0.0162     0.0126     0.0212
  21           3   0.001     0.0428     0.0302     2.0381        0.1396     0.0396     0.0115        0.0987     0.0280     0.0081
  22           3   0.001     0.0235     1.8101    -0.7665        0.0169     0.0116     0.0114        0.0119     0.0082     0.0081
  23           3   0.001     0.5276    -0.0184     2.6771        0.0006     0.0250     0.0438        0.0004     0.0176     0.0310
  24           3   0.001     1.6602    -2.5158    -2.3788        0.0000     0.0000     0.0000        0.0000     0.0000     0.0000
  25           3   0.001     0.0026    -0.7400    -0.0208        0.0056     0.0146     0.0010        0.0040     0.0103     0.0007
  26           3   0.001    -0.6454     2.4742    -1.6156        0.0223     0.0078     0.0311        0.0158     0.0055     0.0220
  27           2   0.000    -0.7801    -2.5377    -1.6628        0.0005     0.0011     0.0009        0.0005     0.0011     0.0009
 ref=  12
   1           6   0.002     0.0882     2.4288    -1.0918        0.1247     0.0075     0.0899        0.0558     0.0034     0.0402
   2           4   0.001    -1.6535    -2.5112    -2.3880        0.0000     0.0000     0.0000        0.0000     0.0000     0.0000
   3           4   0.001     0.0000     0.0000     0.3485        0.0000     0.0000     0.0000        0.0000     0.0000     0.0000
   4           2   0.001    -0.0353    -0.0261     1.0792        0.0000     0.0000     0.0000        0.0000     0.0000     0.0000
   5           2   0.001    -0.5285    -0.0211     2.6273        0.0000     0.0001     0.0000        0.0000     0.0001     0.0000
   6           2   0.001    -0.0054    -4.0487     0.1134        0.0000     0.0000     0.0000        0.0000     0.0000     0.0000
   7           2   0.001     0.2112    -0.4370     2.8135        0.0001     0.0001     0.0000        0.0001     0.0001     0.0000
   8           4   0.001     0.0054     4.0487     0.1134        0.0000     0.0000     0.0000        0.0000     0.0000     0.0000
   9           2   0.001     0.1842     0.4148     2.8742        0.0001     0.0001     0.0000        0.0001     0.0001     0.0000
  10           2   0.001    -0.1653     0.6432    -0.1875        0.0000     0.0000     0.0000        0.0000     0.0000     0.0000
  11           2   0.001    -0.0056    -1.8062    -0.8132        0.0000     0.0000     0.0000        0.0000     0.0000     0.0000
  12           2   0.001     1.6602    -2.5158    -2.3788        0.0000     0.0000     0.0000        0.0000     0.0000     0.0000
  13           4   0.001     0.0000    -2.4341    -1.1553        0.0000     0.0000     0.0000        0.0000     0.0000     0.0000
  14           2   0.001     1.6535     2.5112    -2.3880        0.0000     0.0000     0.0000        0.0000     0.0000     0.0000
  15           4   0.001     0.0000     0.0000     2.6350        0.0000     0.0000     0.0000        0.0000     0.0000     0.0000
  16           2   0.001    -0.0102    -3.0499    -0.7166        0.0000     0.0000     0.0000        0.0000     0.0000     0.0000
  17           2   0.001    -0.2612     0.4374     2.7461        0.0001     0.0001     0.0000        0.0001     0.0001     0.0000
  18           2   0.001     0.6296    -2.4569    -1.6187        0.0000     0.0000     0.0000        0.0000     0.0000     0.0000
  19           2   0.001     0.1455     0.0344     2.0257        0.0000     0.0000     0.0000        0.0000     0.0000     0.0000
  20           0   0.000     0.0000     0.0000     0.0000        0.0000     0.0000     0.0000        0.0000     0.0000     0.0000
  21           2   0.001    -0.0899     1.7847    -0.7789        0.0000     0.0000     0.0000        0.0000     0.0000     0.0000
  22           2   0.001     0.5252     0.0111     2.7146        0.0000     0.0001     0.0000        0.0000     0.0001     0.0000
  23           0   0.000     0.0000     0.0000     0.0000        0.0000     0.0000     0.0000        0.0000     0.0000     0.0000
  24           2   0.001    -0.0072    -0.6514    -0.1018        0.0000     0.0000     0.0000        0.0000     0.0000     0.0000
  25           2   0.001    -1.6602     2.5158    -2.3788        0.0000     0.0000     0.0000        0.0000     0.0000     0.0000
  26           2   0.001    -0.2464    -0.4433     2.7701        0.0001     0.0001     0.0000        0.0001     0.0001     0.0000
  27           2   0.001     0.6333     2.4785    -1.7144        0.0000     0.0000     0.0000        0.0000     0.0000     0.0000
 ref=  13
   1           3   0.001    -0.0024    -1.8119    -0.7538        0.0311     0.0149     0.0237        0.0220     0.0106     0.0167
   2           4   0.001     1.6602    -2.5158    -2.3788        0.0000     0.0000     0.0000        0.0000     0.0000     0.0000
   3           4   0.001     1.6535     2.5112    -2.3880        0.0000     0.0000     0.0000        0.0000     0.0000     0.0000
   4           3   0.001     0.2402    -0.4365     2.7750        0.0155     0.0034     0.0235        0.0110     0.0024     0.0166
   5           3   0.001    -0.5248    -0.0115     2.6775        0.0004     0.0189     0.0308        0.0003     0.0133     0.0217
   6           6   0.001     0.0000     0.0000     2.6350        0.0000     0.0000     0.0000        0.0000     0.0000     0.0000
   7           3   0.001     0.2246     0.4301     2.8024        0.0330     0.0118     0.0525        0.0234     0.0083     0.0371
   8           6   0.001     0.0000     0.0000     0.3485        0.0000     0.0000     0.0000        0.0000     0.0000     0.0000
   9           9   0.002    -0.0000     2.5176    -1.2083        0.0002     0.1181     0.0750        0.0001     0.0417     0.0265
  10           3   0.001    -0.0406     0.0147     2.0211        0.1278     0.0367     0.0039        0.0904     0.0260     0.0028
  11           4   0.001    -1.6535    -2.5112    -2.3880        0.0000     0.0000     0.0000        0.0000     0.0000     0.0000
  12           6   0.001     0.0000    -2.4341    -1.1553        0.0000     0.0000     0.0000        0.0000     0.0000     0.0000
  13           4   0.001    -1.6602     2.5158    -2.3788        0.0000     0.0000     0.0000        0.0000     0.0000     0.0000
  14           4   0.001     0.0054     4.0487     0.1134        0.0000     0.0000     0.0000        0.0000     0.0000     0.0000
  15           3   0.001    -0.0026    -3.0423    -0.6771        0.0046     0.0153     0.0177        0.0033     0.0108     0.0125
  16           3   0.001     0.5246     0.0085     2.6599        0.0008     0.0217     0.0320        0.0005     0.0153     0.0226
  17           3   0.001     0.0002     0.6641    -0.1234        0.0049     0.0265     0.0164        0.0035     0.0187     0.0116
  18           2   0.000    -0.7328     2.3892    -1.6208        0.0365     0.0072     0.0349        0.0365     0.0072     0.0349
  19           3   0.001    -0.2126    -0.4309     2.8166        0.0205     0.0123     0.0394        0.0145     0.0087     0.0278
  20           3   0.001    -0.0054    -4.0487     0.1134        0.0000     0.0000     0.0000        0.0000     0.0000     0.0000
  21           2   0.000    -0.6481    -2.4722    -1.6231        0.0278     0.0004     0.0009        0.0278     0.0004     0.0009
  22           3   0.001     0.0202    -0.0020     1.0743        0.0498     0.0304     0.0054        0.0352     0.0215     0.0038
  23           2   0.001     0.6469    -2.4730    -1.6192        0.0288     0.0011     0.0013        0.0288     0.0011     0.0013
  24           3   0.001    -0.2237     0.4270     2.8050        0.0328     0.0086     0.0528        0.0232     0.0061     0.0374
  25           3   0.001    -0.0011    -0.6066    -0.1195        0.0054     0.0197     0.0032        0.0038     0.0139     0.0023
  26           2   0.000     0.7273     2.3871    -1.6223        0.0212     0.0081     0.0251        0.0212     0.0081     0.0251
  27           2   0.000     0.0014     3.0129    -0.6013        0.0007     0.0305     0.0417        0.0007     0.0305     0.0417
 ref=  14
   1           1   0.000    -1.6602     2.5158    -2.3788        0.0000     0.0000     0.0000        0.0000     0.0000     0.0000
   2           1   0.000     1.6602    -2.5158    -2.3788        0.0000     0.0000     0.0000        0.0000     0.0000     0.0000
   3           1   0.000     1.6535     2.5112    -2.3880        0.0000     0.0000     0.0000        0.0000     0.0000     0.0000
   4           3   0.001    -0.0004    -0.0728     0.3958        0.0006     0.1030     0.0669        0.0004     0.0728     0.0473
   5           2   0.000     0.0000    -2.4341    -1.1553        0.0000     0.0000     0.0000        0.0000     0.0000     0.0000
   6           2   0.000     0.0000     2.4341    -1.1553        0.0000     0.0000     0.0000        0.0000     0.0000     0.0000
   7           2   0.000    -1.6535    -2.5112    -2.3880        0.0000     0.0000     0.0000        0.0000     0.0000     0.0000
   8           2   0.000     0.3381    -0.2942     2.7236        0.1730     0.1837     0.0410        0.1730     0.1837     0.0410
   9           1   0.000     0.0038     3.0276    -0.6519        0.0000     0.0000     0.0000        0.0000     0.0000     0.0000
  10           1   0.000    -0.0807     0.1849     1.9353        0.0000     0.0000     0.0000        0.0000     0.0000     0.0000
  11           0   0.000     0.0000     0.0000     0.0000        0.0000     0.0000     0.0000        0.0000     0.0000     0.0000
  12           2   0.000    -0.4100    -0.1615     2.7087        0.1118     0.2487     0.0239        0.1118     0.2487     0.0239
  13           2   0.000     0.0000     0.0000     2.6350        0.0000     0.0000     0.0000        0.0000     0.0000     0.0000
  14           1   0.000    -0.0353    -1.7606    -0.8458        0.0000     0.0000     0.0000        0.0000     0.0000     0.0000
  15           2   0.000     0.0835     0.4032     2.8518        0.2290     0.0116     0.0601        0.2290     0.0116     0.0601
  16           1   0.000     0.0024    -0.6708    -0.2101        0.0000     0.0000     0.0000        0.0000     0.0000     0.0000
  17           0   0.000     0.0000     0.0000     0.0000        0.0000     0.0000     0.0000        0.0000     0.0000     0.0000
  18           1   0.000    -0.6634     2.4252    -1.6134        0.0000     0.0000     0.0000        0.0000     0.0000     0.0000
  19           1   0.000     0.0054     4.0487     0.1134        0.0000     0.0000     0.0000        0.0000     0.0000     0.0000
  20           0   0.000     0.0000     0.0000     0.0000        0.0000     0.0000     0.0000        0.0000     0.0000     0.0000
  21           0   0.000     0.0000     0.0000     0.0000        0.0000     0.0000     0.0000        0.0000     0.0000     0.0000
  22           1   0.000     0.6711     2.4198    -1.6208        0.0000     0.0000     0.0000        0.0000     0.0000     0.0000
  23           1   0.000     0.0015     1.7482    -0.7459        0.0000     0.0000     0.0000        0.0000     0.0000     0.0000
  24           2   0.000    -0.0054    -4.0487     0.1134        0.0000     0.0000     0.0000        0.0000     0.0000     0.0000
  25           1   0.000     0.0988     0.0506     1.1229        0.0000     0.0000     0.0000        0.0000     0.0000     0.0000
  26           1   0.000     0.5792    -2.5022    -1.5930        0.0000     0.0000     0.0000        0.0000     0.0000     0.0000

 wall clock time for   qmc :              96.11 s
 cpu time (master) for qmc :              95.96 s




 wall clock time for run         :   0d 00:01:36.309
 total cpu time for run (core-h) :            0.1068
 cpu time per mpi process (h)    :            0.0267

Amolqc run finished on 2020-04-23T15:31:31.630+02

Bye!


