

              __  __    ____    _         ____     _____   
      /\     |  \/  |  / __ \  | |       / __ \   / ____|  
     /  \    | \  / | | |  | | | |      | |  | | | |       
    / /\ \   | |\/| | | |  | | | |      | |  | | | |       
   / ____ \  | |  | | | |__| | | |____  | |__| | | |____   
  /_/    \_\ |_|  |_|  \____/  |______|  \___\_\  \_____|  


 Atoms and Molecules with Quantum Monte Carlo -- electron structure code

 initial version:
  Arne Luechow, Penn State University, 2/1996

 main author:
  Arne Luechow, RWTH Aachen University, 52056 Aachen, Germany

 with contributions from:
  Sebastian Manten, Christian Diedrich, Annika Bande, Tony Scott,
  Annett Schwarz, Rene Petz, Raphael Berner, Alexander Sturm,
  Christopher Pezley, Lennart Scharf, Marko Hermsen, Kaveh Haghighi Mood,
  Christoph Schulte, Sebastian Klahm, Michael Andree Heuer, Leonard Reuter,
  Jil Ludovicy


 version:          version-6.7-dev-1050-g56d04a
 compiler version: Intel(R) Fortran Intel(R) 64 Compiler for applications running on Intel(R) 64, Version 18.0.3.222 Build 20180410
 compiler options: -fpp -warn none -O3
 mpi version:      Intel(R) MPI Library 2017 Update 4 for Linux* OS



 run started on compute-0-5.local at 2020-04-05T11:23:12.283+02:00 on   64 processor(s)
 using path: /home/luechow/Projekte/Eqmc/amolqc
 
==============================> reading input <=================================
 
$gen(seed=201)
$wf(read,file='Acetone-vm.wf')
$generate_sample(size=30, steps=1500, block_len=500)
$qmc(dmc, tau=0.002, E_ref=-192.943, steps=1M, block_len=2500, discard=7500, std_dev=0.001)
 
==========> $gen - initializing RNG and setting general parameters <============
 
 seed =    201     verbose level = 2
 
===========================> $wf - wave function <==============================
 
 wave function settings:
    with BLAS/LAPACK      
    cusp-corrected splines for contracted GTOs

 using sequential AO and MO mode 
 
 using the standard determinant update algorithm
 
 wave function Acetone-vm.wf with: 
           title =Acetone
           basis =     cc-pVTZ       MO format =         gau         jastrow =   sm3      
          charge =     0                  spin =     1                 coord =  angstrom  
  atomic_charges =      F      same_atoms =      F    no_H_jastrow =      F
 
  geometry (in angstrom):
O    0.00000   0.00000   1.39437
C    0.00000   1.28808  -0.61137
C    0.00000   0.00000   0.18442
C    0.00000  -1.28808  -0.61137
H    0.87499   1.32888  -1.26369
H    0.00285   2.14249   0.06001
H   -0.87852   1.33130  -1.25882
H   -0.00285  -2.14249   0.06001
H    0.87852  -1.33130  -1.25882
H   -0.87499  -1.32888  -1.26369
 
  splining GTOs with         4000  points
  correcting cusp of the following basis functions:
    1    2   11   12   41 

 basis set:
 basis name: cc-pVTZ.abs
 different basis functions  =   76
 individual basis functions =  230

 spline_points =  4000
 basis read ...


 calculation with   32 electrons
  16 alpha and   16 beta

 Jastrow factor of type sm3 read with:
   19 generic Schmidt-Moskowitz terms of type sm3
  Jastrow factor read ...
 
 AO/MO evaluation carried out using aocalc and mocalc.
 
  MOs read ...
 
    NCSFs =        1 Ndets =        1
    1 unique alpha and    1 unique beta determinants
                          are going to be calculated.
 
  CSFs read ...


  ---  Expanding macro cmd generate_sample to:
$sample(create,start=density,generate=random,size=30)
$sample(remove_outliers)
$qmc(vmc,accept_ratio=0.5,steps=30,block_len=10,persist=9,discard_all)
$qmc(vmc,accept_ratio=0.5,steps=1500,block_len=500,discard_all)

 
============> $sample - creating or modifying the walker sample <===============
 
 creating new sample

 created initial random sample using atom densities
 sample size (all nodes):         1920
 <E>_allnodes =    -191.6170 +/-       1.1686 V_allnodes =    2620.5006
 

 wall clock time for   sample :               1.22 s
 cpu time (master) for sample :               0.06 s


 
============> $sample - creating or modifying the walker sample <===============
 
 removing outliers

  using trimmed mean (parallel version)
  parallel merge required:   4.5399368E-04  sec.
  trimmed mean =     -192.813  sigma =        0.841
     41 walkers will be deleted and replaced
      0 processes attempted to exceed the limit of       4 deletions

  after outlier removal:
  final total walker size=    1920 E_mean=     -192.79973 +/-    0.03940 var=           2.98

 wall clock time for   sample :               0.00 s
 cpu time (master) for sample :               0.00 s


 
=====================> $qmc - running a qmc calculation <=======================
 

   * * *  VMC calculation  * * *

    QMC parameters:

                 tau =     0.01733             adapt tau =           T
        total walker =        1920          local walker =          30
               steps =          30               discard =          30
           block_len =          10          walker_block =           1
         step_stride =          10
 target accept ratio =     0.50000
               E_ref =     0.00000                  wfac =     1.00000
        E_loc_cutoff =           F                factor =     1.00000
        kill_persist =           T           max_persist =           9
        load balance =           F                branch =           F
      future walking =           F       pop ctrl = global
              Reconf =           F             RcfMethod =           1
          accumulate =           F
 
    propagator parameters:

              weight =        none                  move =     Umrigar
            moveType =         all
                 tau =     0.01733            drift_scal =     1.00000
             AR step =           T             rej_cross =           F
     expon. sampling =           T
 

             step       size              <E>                   <V>     AR 
 --------------------------------------------------------------------------
             10      1920      -193.69869 +/-   0.01672     5.369   0.543
             20      1920      -193.19794 +/-   0.01920     7.080   0.490
             30      1920      -192.90833 +/-   0.01953     7.322   0.487

 qmc: Emean =      -192.90833 var =         7.32218

 wall clock time for   qmc :               0.41 s
 cpu time (master) for qmc :               0.41 s


 
=====================> $qmc - running a qmc calculation <=======================
 

   * * *  VMC calculation  * * *

    QMC parameters:

                 tau =     0.02882             adapt tau =           T
        total walker =        1920          local walker =          30
               steps =        1500               discard =        1500
           block_len =         500          walker_block =           1
         step_stride =          10
 target accept ratio =     0.50000
               E_ref =     0.00000                  wfac =     1.00000
        E_loc_cutoff =           F                factor =     1.00000
        kill_persist =           F           max_persist =           0
        load balance =           F                branch =           F
      future walking =           F       pop ctrl = global
              Reconf =           F             RcfMethod =           1
          accumulate =           F
 
    propagator parameters:

              weight =        none                  move =     Umrigar
            moveType =         all
                 tau =     0.02882            drift_scal =     1.00000
             AR step =           T             rej_cross =           F
     expon. sampling =           T
 

             step       size              <E>                   <V>     AR 
 --------------------------------------------------------------------------
            500      1920      -192.50679 +/-   0.00280     7.536   0.527
           1000      1920      -192.50029 +/-   0.00282     7.610   0.518
           1500      1920      -192.49337 +/-   0.00279     7.499   0.514

 qmc: Emean =      -192.49337 var =         7.49901

 wall clock time for   qmc :              18.67 s
 cpu time (master) for qmc :              18.67 s


 
=====================> $qmc - running a qmc calculation <=======================
 

   * * *  DMC calculation  * * *

    QMC parameters:

                 tau =     0.00200             adapt tau =           F
        total walker =        1920          local walker =          30
               steps =     1000000               discard =        7500
           block_len =        2500          walker_block =           1
         step_stride =          10
      target std dev =     0.00100
               E_ref =  -192.94300                  wfac =     1.00000
        E_loc_cutoff =           T                factor =     1.00000
        kill_persist =           T           max_persist =          10
        load balance =           T                branch =           T
      future walking =           F       pop ctrl = global
              Reconf =           F             RcfMethod =           1
          accumulate =           F
 
    propagator parameters:

              weight =    Reynolds                  move =    Reynolds
            moveType =         all               T_moves =        none
                 tau =     0.00200            drift_scal =     1.00000
             AR step =           T             rej_cross =           T
       T_move_reject =           0            T_move_wgt =           0
        T_move_cross =           0  
 

             step       size              <E>                   <V>     AR 
 --------------------------------------------------------------------------
           2500      2201      -193.10112 +/-   0.00115     6.790   0.930
           5000      1842      -193.11185 +/-   0.00118     6.760   0.930
           7500      1788      -193.10521 +/-   0.00121     6.782   0.930
          10000      1858      -193.10945 +/-   0.00121     6.758   0.930
          12500      1862      -193.10603 +/-   0.00122     6.796   0.929
          15000      1908      -193.13588 +/-   0.00119     6.723   0.929
          17500      1841      -193.09913 +/-   0.00121     6.740   0.928
          20000      1891      -193.12133 +/-   0.00121     6.786   0.930
          22500      1945      -193.13931 +/-   0.00120     6.760   0.930
          25000      1835      -193.11954 +/-   0.00120     6.745   0.931
          27500      1812      -193.10281 +/-   0.00122     6.778   0.930
          30000      1818      -193.11730 +/-   0.00121     6.734   0.930
          32500      1892      -193.13786 +/-   0.00120     6.709   0.928
          35000      1818      -193.10005 +/-   0.00122     6.826   0.929
          37500      1819      -193.10512 +/-   0.00122     6.762   0.928
          40000      1846      -193.11882 +/-   0.00122     6.773   0.930
          42500      1872      -193.11908 +/-   0.00121     6.755   0.930
          45000      1855      -193.12521 +/-   0.00121     6.758   0.930
          47500      1855      -193.11778 +/-   0.00121     6.752   0.930
          50000      1840      -193.11092 +/-   0.00122     6.793   0.928
          52500      1878      -193.12984 +/-   0.00121     6.806   0.933
          55000      1843      -193.12734 +/-   0.00120     6.780   0.930
          57500      1818      -193.09467 +/-   0.00122     6.756   0.931
          60000      1865      -193.12529 +/-   0.00121     6.797   0.929
          62500      1819      -193.11296 +/-   0.00121     6.737   0.929
          65000      1779      -193.09980 +/-   0.00122     6.791   0.929
          67500      1862      -193.13773 +/-   0.00121     6.761   0.930
          70000      1839      -193.12538 +/-   0.00121     6.799   0.929
          72500      1827      -193.12047 +/-   0.00121     6.744   0.927
          75000      1837      -193.10700 +/-   0.00122     6.787   0.929
          77500      1815      -193.10398 +/-   0.00122     6.749   0.931
          80000      1831      -193.10852 +/-   0.00122     6.768   0.932
          82500      1813      -193.10321 +/-   0.00122     6.757   0.928
          85000      1837      -193.10945 +/-   0.00122     6.771   0.930
          87500      1821      -193.09253 +/-   0.00122     6.725   0.932
          90000      1841      -193.09895 +/-   0.00122     6.764   0.929
          92500      1814      -193.10043 +/-   0.00121     6.747   0.930
          95000      1850      -193.10659 +/-   0.00122     6.747   0.930
          97500      1851      -193.11154 +/-   0.00122     6.797   0.931
         100000      1873      -193.12582 +/-   0.00121     6.766   0.929
         102500      1852      -193.11487 +/-   0.00120     6.711   0.930
         105000      1799      -193.10238 +/-   0.00122     6.758   0.933
         107500      1895      -193.12821 +/-   0.00121     6.756   0.932
         110000      1905      -193.14413 +/-   0.00119     6.756   0.928
         112500      1879      -193.13597 +/-   0.00119     6.721   0.929
         115000      1815      -193.10530 +/-   0.00121     6.751   0.930
         117500      1825      -193.09641 +/-   0.00123     6.810   0.931
         120000      1801      -193.08591 +/-   0.00122     6.694   0.930
         122500      1850      -193.11226 +/-   0.00121     6.702   0.930
         125000      1855      -193.12217 +/-   0.00121     6.775   0.929
         127500      1840      -193.10656 +/-   0.00121     6.730   0.931
         130000      1863      -193.12813 +/-   0.00120     6.772   0.930
         132500      1844      -193.11507 +/-   0.00121     6.757   0.930
         135000      1868      -193.11821 +/-   0.00121     6.731   0.930
         137500      1837      -193.12063 +/-   0.00121     6.776   0.931
         140000      1839      -193.10779 +/-   0.00122     6.740   0.929
         142500      1856      -193.12641 +/-   0.00121     6.773   0.929
         145000      1884      -193.12576 +/-   0.00121     6.841   0.933
         147500      1833      -193.10823 +/-   0.00121     6.758   0.930
         150000      1845      -193.10779 +/-   0.00122     6.766   0.931
         152500      1876      -193.14654 +/-   0.00120     6.792   0.931
         155000      1903      -193.15039 +/-   0.00118     6.681   0.930
         157500      1873      -193.13930 +/-   0.00119     6.710   0.931
         160000      1833      -193.12217 +/-   0.00120     6.772   0.932
         162500      1881      -193.13867 +/-   0.00121     6.788   0.930
         165000      1875      -193.12763 +/-   0.00120     6.714   0.928
         167500      1833      -193.12045 +/-   0.00121     6.856   0.930
         170000      1846      -193.10999 +/-   0.00122     6.762   0.930
         172500      1808      -193.10920 +/-   0.00121     6.772   0.930
         175000      1894      -193.11585 +/-   0.00121     6.710   0.928
         177500      1836      -193.11385 +/-   0.00121     6.768   0.927
         180000      1871      -193.11926 +/-   0.00121     6.806   0.930
         182500      1865      -193.11550 +/-   0.00121     6.698   0.931
         185000      1912      -193.15314 +/-   0.00119     6.752   0.930
         187500      1850      -193.12327 +/-   0.00120     6.720   0.928
         190000      1827      -193.10683 +/-   0.00122     6.751   0.930
         192500      1874      -193.11375 +/-   0.00122     6.763   0.930
         195000      1827      -193.11110 +/-   0.00121     6.766   0.930
         197500      1844      -193.10830 +/-   0.00122     6.770   0.928
         200000      1811      -193.10577 +/-   0.00122     6.775   0.930
         202500      1825      -193.10622 +/-   0.00122     6.740   0.930
         205000      1858      -193.12442 +/-   0.00121     6.718   0.929
         207500      1853      -193.12458 +/-   0.00121     6.827   0.929
         210000      1822      -193.10069 +/-   0.00122     6.733   0.929
         212500      1862      -193.10762 +/-   0.00122     6.748   0.929
         215000      1888      -193.13128 +/-   0.00121     6.806   0.928
         217500      1898      -193.13702 +/-   0.00120     6.749   0.929
         220000      1836      -193.12660 +/-   0.00120     6.774   0.929
         222500      1830      -193.10411 +/-   0.00122     6.768   0.929
         225000      1825      -193.10410 +/-   0.00122     6.759   0.930
         227500      1810      -193.08771 +/-   0.00122     6.732   0.931
         230000      1856      -193.09835 +/-   0.00123     6.825   0.929
         232500      1876      -193.13154 +/-   0.00121     6.811   0.930
         235000      1843      -193.12439 +/-   0.00121     6.803   0.929
         237500      1887      -193.12904 +/-   0.00120     6.697   0.930
         240000      1848      -193.12574 +/-   0.00120     6.731   0.931
         242500      1821      -193.10903 +/-   0.00122     6.794   0.930
         245000      1847      -193.11261 +/-   0.00121     6.764   0.927
         247500      1875      -193.11307 +/-   0.00121     6.767   0.929
         250000      1803      -193.10980 +/-   0.00121     6.770   0.929
         252500      1837      -193.12499 +/-   0.00121     6.714   0.929
         255000      1862      -193.13123 +/-   0.00120     6.771   0.929
         257500      1847      -193.13201 +/-   0.00120     6.793   0.930
         260000      1844      -193.11427 +/-   0.00121     6.720   0.930
         262500      1875      -193.13815 +/-   0.00120     6.766   0.931
         265000      1875      -193.13221 +/-   0.00120     6.754   0.930
         267500      1830      -193.10966 +/-   0.00121     6.758   0.930
         270000      1867      -193.11671 +/-   0.00121     6.746   0.930
         272500      1886      -193.12796 +/-   0.00120     6.737   0.932
         275000      1858      -193.12669 +/-   0.00120     6.755   0.929
         277500      1903      -193.12945 +/-   0.00120     6.718   0.928
         280000      1884      -193.11843 +/-   0.00121     6.743   0.928
         282500      1888      -193.13290 +/-   0.00120     6.761   0.930
         285000      1863      -193.13575 +/-   0.00119     6.713   0.928
         287500      1863      -193.12870 +/-   0.00120     6.742   0.932
         290000      1851      -193.11837 +/-   0.00120     6.715   0.929
         292500      1808      -193.09717 +/-   0.00122     6.773   0.928
         295000      1841      -193.11003 +/-   0.00122     6.782   0.930
         297500      1826      -193.10428 +/-   0.00122     6.778   0.931
         300000      1850      -193.11528 +/-   0.00121     6.774   0.930
         302500      1831      -193.13220 +/-   0.00121     6.794   0.929
         305000      1864      -193.11822 +/-   0.00121     6.700   0.930
         307500      1880      -193.12571 +/-   0.00121     6.831   0.929
         310000      1824      -193.11447 +/-   0.00121     6.759   0.931
         312500      1812      -193.12855 +/-   0.00120     6.805   0.930
         315000      1871      -193.13027 +/-   0.00121     6.757   0.930
         317500      1858      -193.12308 +/-   0.00120     6.698   0.929
         320000      1840      -193.10607 +/-   0.00122     6.822   0.928
         322500      1841      -193.11833 +/-   0.00121     6.768   0.929
         325000      1810      -193.11335 +/-   0.00121     6.717   0.928
         327500      1844      -193.11642 +/-   0.00121     6.688   0.930
         330000      1900      -193.12855 +/-   0.00122     6.809   0.930
         332500      1885      -193.14247 +/-   0.00120     6.820   0.930
         335000      1834      -193.11749 +/-   0.00121     6.759   0.930
         337500      1848      -193.12730 +/-   0.00120     6.718   0.930
         340000      1846      -193.09325 +/-   0.00123     6.775   0.930
         342500      1834      -193.12716 +/-   0.00120     6.728   0.931
         345000      1843      -193.13450 +/-   0.00121     6.773   0.929
         347500      1887      -193.13938 +/-   0.00120     6.765   0.931
         350000      1843      -193.11858 +/-   0.00121     6.826   0.930
         352500      1794      -193.11309 +/-   0.00121     6.765   0.932
         355000      1902      -193.12090 +/-   0.00122     6.733   0.930
         357500      1832      -193.10958 +/-   0.00121     6.796   0.928
         360000      1859      -193.12396 +/-   0.00121     6.759   0.931
         362500      1848      -193.12501 +/-   0.00120     6.729   0.927
         365000      1806      -193.10194 +/-   0.00122     6.790   0.928
         367500      1852      -193.12584 +/-   0.00121     6.772   0.929
         370000      1882      -193.12862 +/-   0.00120     6.706   0.930
         372500      1857      -193.12576 +/-   0.00120     6.754   0.928
         375000      1911      -193.13382 +/-   0.00121     6.774   0.931
         377500      1826      -193.12288 +/-   0.00120     6.746   0.933
         380000      1817      -193.10423 +/-   0.00122     6.755   0.932
         382500      1810      -193.11496 +/-   0.00121     6.781   0.928
         385000      1828      -193.09560 +/-   0.00123     6.798   0.930
         387500      1898      -193.14228 +/-   0.00120     6.797   0.929
         390000      1868      -193.12582 +/-   0.00120     6.732   0.929
         392500      1802      -193.10472 +/-   0.00121     6.736   0.929
         395000      1861      -193.12756 +/-   0.00121     6.778   0.931
         397500      1838      -193.11200 +/-   0.00121     6.767   0.929
         400000      1813      -193.10898 +/-   0.00122     6.840   0.929
         402500      1825      -193.12488 +/-   0.00121     6.778   0.929
         405000      1873      -193.14098 +/-   0.00120     6.772   0.931
         407500      1846      -193.10089 +/-   0.00122     6.772   0.928
         410000      1809      -193.10026 +/-   0.00122     6.769   0.930
         412500      1782      -193.06847 +/-   0.00125     6.805   0.928
         415000      1811      -193.09793 +/-   0.00123     6.789   0.929
         417500      1872      -193.13018 +/-   0.00121     6.730   0.929
         420000      1853      -193.12185 +/-   0.00121     6.760   0.929
         422500      1825      -193.11717 +/-   0.00121     6.764   0.929
         425000      1847      -193.09980 +/-   0.00122     6.759   0.930
         427500      1853      -193.11884 +/-   0.00122     6.836   0.931
         430000      1801      -193.09887 +/-   0.00121     6.764   0.929
         432500      1886      -193.12055 +/-   0.00122     6.762   0.929
         435000      1864      -193.13550 +/-   0.00119     6.714   0.929
         437500      1861      -193.12847 +/-   0.00120     6.763   0.930
         440000      1811      -193.09155 +/-   0.00122     6.764   0.928
         442500      1848      -193.12431 +/-   0.00121     6.746   0.930
         445000      1872      -193.12933 +/-   0.00120     6.756   0.929
         447500      1889      -193.13640 +/-   0.00120     6.728   0.930
         450000      1866      -193.12525 +/-   0.00121     6.776   0.927
         452500      1866      -193.12002 +/-   0.00121     6.784   0.929
         455000      1875      -193.11847 +/-   0.00120     6.725   0.928
         457500      1828      -193.13116 +/-   0.00120     6.761   0.932
         460000      1794      -193.10017 +/-   0.00122     6.766   0.928
         462500      1879      -193.13036 +/-   0.00121     6.738   0.931
         465000      1833      -193.11461 +/-   0.00121     6.724   0.929
         467500      1840      -193.11869 +/-   0.00122     6.808   0.929
         470000      1861      -193.12351 +/-   0.00121     6.753   0.929
         472500      1812      -193.12000 +/-   0.00121     6.792   0.931


  FINAL RESULT:
 total energy (mean E_loc)    =    -193.11820 +/- 0.00100 E_h
 block average energy         =    -193.11803 E_h
 variance (of E_loc)          =       6.76147 +/- 0.00241 E_h^2
 block average variance       =       6.76134 E_h^2
 mean E_ref (sigma_i)         =    -193.11633 +/- 0.01827 E_h
 mean weight (sigma_i)        =       1919.39 +/-   35.06
 minimum weight               =       1752.06 maximum weight =       2032.31
 tau_acc                      =        0.0019
 N_corr (global)              =     125.5

  FLYVBJERG-PETERSEN: 
 variance                     =       6.92594 E_h^2
 error                        =       0.00059 E_h
 block length                 =   32768
 n_corr                       =      43.44

 log2(blen)   error estimate   errors error
          0        0.0000898      0.0000000
          1        0.0000898      0.0000000
          2        0.0000897      0.0000000
          3        0.0000896      0.0000000
          4        0.0000892      0.0000000
          5        0.0000941      0.0000000
          6        0.0001198      0.0000000
          7        0.0001531      0.0000001
          8        0.0001953      0.0000002
          9        0.0002480      0.0000003
         10        0.0003117      0.0000005
         11        0.0003849      0.0000008
         12        0.0004609      0.0000014
         13        0.0005269      0.0000023
         14        0.0005659      0.0000035
         15        0.0005816      0.0000051
         16        0.0005869      0.0000072
         17        0.0005896      0.0000103
         18        0.0005904      0.0000146
         19        0.0005903      0.0000206
         20        0.0006120      0.0000303
         21        0.0005997      0.0000420
         22        0.0006463      0.0000641
         23        0.0006487      0.0000913
         24        0.0006534      0.0001307
         25        0.0007344      0.0002120
         26        0.0007462      0.0003182
         27        0.0006994      0.0004424
         28        0.0007019      0.0007019

 WARNING: stddev and global N_corr may be unreliable
  (block_len < 20*N_corr)

 wall clock time for   qmc :            5686.66 s
 cpu time (master) for qmc :            5674.17 s




 wall clock time for run         :   0d 01:35:07.002
 total cpu time for run (core-h) :          101.4141
 cpu time per mpi process (h)    :            1.5846

Amolqc run finished on 2020-04-05T12:58:19.288+02

Bye!


