

              __  __    ____    _         ____     _____   
      /\     |  \/  |  / __ \  | |       / __ \   / ____|  
     /  \    | \  / | | |  | | | |      | |  | | | |       
    / /\ \   | |\/| | | |  | | | |      | |  | | | |       
   / ____ \  | |  | | | |__| | | |____  | |__| | | |____   
  /_/    \_\ |_|  |_|  \____/  |______|  \___\_\  \_____|  


 Atoms and Molecules with Quantum Monte Carlo -- electron structure code

 initial version:
  Arne Luechow, Penn State University, 2/1996

 main author:
  Arne Luechow, RWTH Aachen University, 52056 Aachen, Germany

 with contributions from:
  Sebastian Manten, Christian Diedrich, Annika Bande, Tony Scott,
  Annett Schwarz, Rene Petz, Raphael Berner, Alexander Sturm,
  Christopher Pezley, Lennart Scharf, Marko Hermsen, Kaveh Haghighi Mood,
  Christoph Schulte, Sebastian Klahm, Michael Andree Heuer, Leonard Reuter,
  Jil Ludovicy


 version:          version-6.7-dev-1079-g829bab
 compiler version: Intel(R) Fortran Intel(R) 64 Compiler for applications running on Intel(R) 64, Version 18.0.3.222 Build 20180410
 compiler options: -fpp -warn none -O3
 mpi version:      Intel(R) MPI Library 2017 Update 4 for Linux* OS



 run started on tcrocks.pc.rwth-aachen.de at 2020-04-23T14:35:24.070+02:00 on    4 processor(s)
 using path: /home/reuter/Amolqc
 
==============================> reading input <=================================
 
$gen(seed=101)
$wf(read, file='Acetone-em.wf')
$generate_walker(steps=1000)
$init_max_analysis(kmax=50, mmax=50, excl_file='excl_list', tol_sim=0.2, tol_same=0.01)
$init_max_search(max_distance=0.05, latency=50)
$qmc(vmc, steps=20000, block_len=1000, step_stride=20)
 
==========> $gen - initializing RNG and setting general parameters <============
 
 seed =    101     verbose level = 2
 
===========================> $wf - wave function <==============================
 
 wave function settings:
    with BLAS/LAPACK      
    cusp-corrected splines for contracted GTOs

 using sequential AO and MO mode 
 
 using the standard determinant update algorithm
 
 wave function Acetone-em.wf with: 
           title =Acetone
           basis =     cc-pVTZ       MO format =         gau         jastrow =   sm3      
          charge =     0                  spin =     1                 coord =  angstrom  
  atomic_charges =      F      same_atoms =      F    no_H_jastrow =      F
 
  geometry (in angstrom):
O    0.00000   0.00000   1.39437
C    0.00000   1.28808  -0.61137
C    0.00000   0.00000   0.18442
C    0.00000  -1.28808  -0.61137
H    0.87499   1.32888  -1.26369
H    0.00285   2.14249   0.06001
H   -0.87852   1.33130  -1.25882
H   -0.00285  -2.14249   0.06001
H    0.87852  -1.33130  -1.25882
H   -0.87499  -1.32888  -1.26369
 
  splining GTOs with         4000  points
  correcting cusp of the following basis functions:
    1    2   11   12   41 

 basis set:
 basis name: cc-pVTZ.abs
 different basis functions  =   76
 individual basis functions =  230

 spline_points =  4000
 basis read ...


 calculation with   32 electrons
  16 alpha and   16 beta

 Jastrow factor of type sm3 read with:
   19 generic Schmidt-Moskowitz terms of type sm3
  Jastrow factor read ...
 
 AO/MO evaluation carried out using aocalc and mocalc.
 
  MOs read ...
 
    NCSFs =        1 Ndets =        1
    1 unique alpha and    1 unique beta determinants
                          are going to be calculated.
 
  CSFs read ...


  ---  Expanding macro cmd generate_walker to:
X$sample(create, start=density, size=10)
$qmc(vmc, steps=300, block_len=100, persist=9, accept_ratio=0.5, discard_all)
$sample(remove_outliers)
$sample(change_size, new_size=1)
$qmc(vmc, steps=1000, block_len=100, accept_ratio=0.5, discard_all)

 
============> $sample - creating or modifying the walker sample <===============
 
 creating new sample

 created initial random sample using atom densities
 sample size (all nodes):           40
 <E>_allnodes =    -190.2023 +/-       0.3305 V_allnodes =       4.2603
 

 wall clock time for   sample :               0.00 s
 cpu time (master) for sample :               0.00 s


 
=====================> $qmc - running a qmc calculation <=======================
 

   * * *  VMC calculation  * * *

    QMC parameters:

                 tau =     0.01733             adapt tau =           T
        total walker =          40          local walker =          10
               steps =         300               discard =         300
           block_len =         100          walker_block =           1
         step_stride =          10
 target accept ratio =     0.50000
               E_ref =     0.00000                  wfac =     1.00000
        E_loc_cutoff =           F                factor =     1.00000
        kill_persist =           T           max_persist =           9
        load balance =           F                branch =           F
      future walking =           F       pop ctrl = global
              Reconf =           F             RcfMethod =           1
          accumulate =           F
 
    propagator parameters:

              weight =        none                  move =     Umrigar
            moveType =         all
                 tau =     0.01733            drift_scal =     1.00000
             AR step =           T             rej_cross =           F
     expon. sampling =           T
 

             step       size              <E>                   <V>     AR 
 --------------------------------------------------------------------------
            100        40      -192.96808 +/-   0.05007    10.027   0.552
            200        40      -192.75492 +/-   0.04646     8.633   0.565
            300        40      -192.70463 +/-   0.04677     8.747   0.560

 qmc: Emean =      -192.70463 var =         8.74733

 wall clock time for   qmc :               0.69 s
 cpu time (master) for qmc :               0.68 s


 
============> $sample - creating or modifying the walker sample <===============
 
 removing outliers

  using trimmed mean (parallel version)
  parallel merge required:   2.7000904E-05  sec.
  trimmed mean =     -192.256  sigma =        1.948
      0 walkers will be deleted and replaced
      0 processes attempted to exceed the limit of       1 deletions

  after outlier removal:
  final total walker size=      40 E_mean=     -192.30361 +/-    0.44714 var=           7.80

 wall clock time for   sample :               0.00 s
 cpu time (master) for sample :               0.00 s


 
============> $sample - creating or modifying the walker sample <===============
 
 changing size of sample
 sample size has been reduced by       9 to       1 walkers per node
 

 wall clock time for   sample :               0.00 s
 cpu time (master) for sample :               0.00 s


 
=====================> $qmc - running a qmc calculation <=======================
 

   * * *  VMC calculation  * * *

    QMC parameters:

                 tau =     0.02541             adapt tau =           T
        total walker =           4          local walker =           1
               steps =        1000               discard =        1000
           block_len =         100          walker_block =           1
         step_stride =          10
 target accept ratio =     0.50000
               E_ref =     0.00000                  wfac =     1.00000
        E_loc_cutoff =           F                factor =     1.00000
        kill_persist =           F           max_persist =           0
        load balance =           F                branch =           F
      future walking =           F       pop ctrl = global
              Reconf =           F             RcfMethod =           1
          accumulate =           F
 
    propagator parameters:

              weight =        none                  move =     Umrigar
            moveType =         all
                 tau =     0.02541            drift_scal =     1.00000
             AR step =           T             rej_cross =           F
     expon. sampling =           T
 

             step       size              <E>                   <V>     AR 
 --------------------------------------------------------------------------
            100         4      -192.63124 +/-   0.12062     5.805   0.520
            200         4      -192.70415 +/-   0.19323    14.897   0.480
            300         4      -192.87280 +/-   0.14598     8.503   0.600
            400         4      -192.83207 +/-   0.16157    10.415   0.440
            500         4      -193.35945 +/-   0.17585    12.339   0.560
            600         4      -192.93516 +/-   0.13894     7.702   0.540
            700         4      -193.06518 +/-   0.17903    12.789   0.500
            800         4      -192.48080 +/-   0.14876     8.829   0.510
            900         4      -192.96231 +/-   0.13658     7.443   0.470
           1000         4      -193.07823 +/-   0.14406     8.280   0.540

 qmc: Emean =      -193.07823 var =         8.28032

 wall clock time for   qmc :               0.23 s
 cpu time (master) for qmc :               0.23 s


 
============> $init_max_analysis - initializing maximum analysis <==============
 
    maximum analysis parameters:

   maximum list mode =   str
   same max func tol =    0.10E-02
                nmax =    50                         mmax=    50
         tol_sim (A) =      0.2000          tol_same (A) =      0.0100
            tol_fctn =      0.0010        tol_simmax (A) =      0.2000
 
  Exclusion File excl_list read. Exclusion Mode: 0

 
==============> $init_max_search - initializing maxima search <=================
 
 -- BFGS minimizer with singularity correction
 minimizer parameters:
 max_iterations      =    1000
 verbose             =  0
 convergence_gradient=  0.10000E-03

 singularity correction parameters:
 sing_thresh         =  0.50000E-02
 corr_thresh         =  0.10000    
 corr_mode           = 12
 scaling             =  T

 -- simple line search with step correction
 with:
 alpha               =    1.00    
 c                   =   0.100    
 rho                 =   0.330    
 max_distance        =   0.500E-01

 BFGS parameters:
 scale_initial_H     =    F
 step                = 0.10000    
 latency             =          50
 
=====================> $qmc - running a qmc calculation <=======================
 

   * * *  VMC calculation  * * *

    QMC parameters:

                 tau =     0.03383             adapt tau =           T
        total walker =           4          local walker =           1
               steps =       20000               discard =           0
           block_len =        1000          walker_block =           1
         step_stride =          20
 target accept ratio =     0.50000
               E_ref =     0.00000                  wfac =     1.00000
        E_loc_cutoff =           F                factor =     1.00000
        kill_persist =           F           max_persist =           0
        load balance =           F                branch =           F
      future walking =           F       pop ctrl = global
              Reconf =           F             RcfMethod =           1
          accumulate =           F
 
    propagator parameters:

              weight =        none                  move =     Umrigar
            moveType =         all
                 tau =     0.03383            drift_scal =     1.00000
             AR step =           T             rej_cross =           F
     expon. sampling =           T
 

             step       size              <E>                   <V>     AR   #max  fmin
 --------------------------------------------------------------------------------------
           1000         4      -192.64580 +/-   0.04545     8.260   0.501   2   -600.86323
           2000         4      -192.77160 +/-   0.04501     8.101   0.501   2   -600.86442
           3000         4      -192.84129 +/-   0.04542     8.249   0.489   4   -600.89733
           4000         4      -192.68199 +/-   0.04594     8.439   0.486   6   -600.91123
           5000         4      -192.95467 +/-   0.04474     8.005   0.503   7   -600.91123
           6000         4      -192.73152 +/-   0.04371     7.642   0.490   8   -600.91123
           7000         4      -192.80639 +/-   0.04738     8.978   0.515   9   -600.91123
           8000         4      -192.85202 +/-   0.04692     8.802   0.533  11   -600.91123
           9000         4      -192.80563 +/-   0.04662     8.692   0.551  12   -600.91123
          10000         4      -192.79761 +/-   0.04616     8.523   0.511  12   -600.91235
          11000         4      -192.91129 +/-   0.05196    10.796   0.482  12   -600.91235
          12000         4      -192.81575 +/-   0.04881     9.526   0.520  12   -600.94956
          13000         4      -192.71075 +/-   0.04679     8.754   0.503  12   -600.94956
          14000         4      -192.80624 +/-   0.04484     8.042   0.512  12   -600.94956
          15000         4      -192.70987 +/-   0.05009    10.034   0.501  12   -600.94956
          16000         4      -192.96144 +/-   0.04474     8.003   0.524  12   -600.94956
          17000         4      -192.68092 +/-   0.04776     9.120   0.495  12   -600.94956
          18000         4      -192.88171 +/-   0.06015    14.467   0.533  13   -600.94956
          19000         4      -192.59539 +/-   0.05029    10.115   0.526  14   -600.94956
          20000         4      -192.88630 +/-   0.04654     8.660   0.510  14   -600.94956


  FINAL RESULT:
 total energy (mean E_loc)    =    -192.79241 +/- 0.02268 E_h
 block average energy         =    -192.79241 E_h
 variance (of E_loc)          =       9.07015 +/- 0.33700 E_h^2
 block average variance       =       9.06038 E_h^2
 tau (adapted)                =        0.0295 fixed at step          250
 N_corr (<5%)                 =       7.6
 N_corr (global)              =       4.3

  FLYVBJERG-PETERSEN: 
 variance                     =       9.07026 E_h^2
 error                        =       0.02463 E_h
 block length                 =      64
 n_corr                       =       5.35

 log2(blen)   error estimate   errors error
          0        0.0106479      0.0000532
          1        0.0132121      0.0000934
          2        0.0159410      0.0001594
          3        0.0183393      0.0002594
          4        0.0204103      0.0004082
          5        0.0222868      0.0006305
          6        0.0235736      0.0009433
          7        0.0243971      0.0013812
          8        0.0247685      0.0019863
          9        0.0257688      0.0029271
         10        0.0234863      0.0037852
         11        0.0222074      0.0050947
         12        0.0230782      0.0076927
         13        0.0293400      0.0146700
         14        0.0128273      0.0104734
         15        0.0139170      0.0196816
 
 Summary for maxima search:
 
 # minimizer calls                      :    4000
 # maxima analyzed (converged)          :    3999
 average # iterations                   :     199
 average # function/gradient evaluations:     232
 
 maximum list mode: str
 List contains different structures (ignoring spin) sorted w.r.t function value -ln(psi**2):
 each structure contains a list of similar structures (with spin) sorted w.r.t function value -ln(psi**2):
 total number of maxima collected with these structure:        3999

    1 structure with best value=  -600.949562    # found:   3952
        1    -600.949562        1
        2    -600.913786        1
        3    -600.912347        1
        4    -600.912246        1
        5    -600.911285        1
        6    -600.911239        1
        7    -600.911233        2
        8    -600.906243        1
        9    -600.904855        1
       10    -600.904855        1
       11    -600.904855        1
       12    -600.902789        1
       13    -600.899538        3
       14    -600.898756        2
       15    -600.898538        1
    2 structure with best value=  -600.502696    # found:      2   min dist to     1  max/mean dist:     0.531     0.063
        1    -600.502696        1
        2    -600.486021        1
    3 structure with best value=  -600.448313    # found:      1   min dist to     1  max/mean dist:     0.511     0.050
        1    -600.448313        1
    4 structure with best value=  -600.122497    # found:      1   min dist to     3  max/mean dist:     0.595     0.124
        1    -600.122497        1
    5 structure with best value=  -600.120452    # found:      6   min dist to     4  max/mean dist:     0.218     0.038
        1    -600.120452        1
        2    -600.081380        1
        3    -600.071363        1
        4    -599.914774        1
        5    -599.879127        1
        6    -599.798823        1
    6 structure with best value=  -598.764940    # found:      4   min dist to     3  max/mean dist:     0.604     0.095
        1    -598.764940        1
        2    -598.662517        1
        3    -598.439733        1
        4    -598.264007        1
    7 structure with best value=  -598.719245    # found:      7   min dist to     6  max/mean dist:     0.585     0.073
        1    -598.719245        1
        2    -598.597038        2
        3    -598.575233        1
        4    -598.517203        1
        5    -598.505754        2
    8 structure with best value=  -598.701547    # found:      6   min dist to     6  max/mean dist:     0.285     0.043
        1    -598.701547        1
        2    -598.463103        1
        3    -598.420986        1
        4    -598.408607        1
        5    -598.408607        1
        6    -598.370036        1
    9 structure with best value=  -598.681595    # found:      6   min dist to     7  max/mean dist:     0.273     0.050
        1    -598.681595        1
        2    -598.676186        1
        3    -598.573614        1
        4    -598.496935        1
        5    -598.394010        1
        6    -598.236753        1
   10 structure with best value=  -598.639891    # found:      4   min dist to     8  max/mean dist:     0.270     0.045
        1    -598.639891        1
        2    -598.594556        1
        3    -598.591954        1
        4    -598.567372        1
   11 structure with best value=  -598.638796    # found:      3   min dist to     8  max/mean dist:     0.273     0.042
        1    -598.638796        1
        2    -598.445649        1
        3    -598.259802        1
   12 structure with best value=  -598.565774    # found:      2   min dist to     9  max/mean dist:     0.273     0.052
        1    -598.565774        1
        2    -598.516854        1
   13 structure with best value=  -598.531663    # found:      4   min dist to     9  max/mean dist:     0.261     0.044
        1    -598.531663        1
        2    -598.383451        1
        3    -598.358315        1
        4    -598.246372        1
   14 structure with best value=  -598.017504    # found:      1   min dist to     2  max/mean dist:     0.517     0.092
        1    -598.017504        1

 wall clock time for   qmc :              75.75 s
 cpu time (master) for qmc :              75.56 s




 wall clock time for run         :   0d 00:01:16.683
 total cpu time for run (core-h) :            0.0850
 cpu time per mpi process (h)    :            0.0213

Amolqc run finished on 2020-04-23T14:36:40.754+02

Bye!


